2023.08.26 17:47:11 INFO  Started: Metals version 1.0.0 in folders '/Users/sjpark/Projects/sdokuScala' for client Visual Studio Code 1.76.2.
8월 26, 2023 5:47:11 오후 org.flywaydb.core.internal.license.VersionPrinter printVersionOnly
정보: Flyway Community Edition 9.20.1 by Redgate
8월 26, 2023 5:47:11 오후 org.flywaydb.core.internal.license.VersionPrinter printVersion
정보: See release notes here: https://rd.gt/416ObMi
8월 26, 2023 5:47:11 오후 org.flywaydb.core.internal.license.VersionPrinter printVersion
정보: 
8월 26, 2023 5:47:12 오후 org.flywaydb.core.internal.database.base.BaseDatabaseType createDatabase
정보: Database: jdbc:h2:file:/Users/sjpark/Projects/sdokuScala/.metals/metals (H2 2.1)
8월 26, 2023 5:47:12 오후 org.flywaydb.core.internal.schemahistory.JdbcTableSchemaHistory allAppliedMigrations
정보: Schema history table "PUBLIC"."flyway_schema_history" does not exist yet
8월 26, 2023 5:47:12 오후 org.flywaydb.core.internal.command.DbValidate validate
정보: Successfully validated 4 migrations (execution time 00:00.021s)
8월 26, 2023 5:47:12 오후 org.flywaydb.core.internal.schemahistory.JdbcTableSchemaHistory create
정보: Creating Schema History table "PUBLIC"."flyway_schema_history" ...
8월 26, 2023 5:47:12 오후 org.flywaydb.core.internal.command.DbMigrate migrateGroup
정보: Current version of schema "PUBLIC": << Empty Schema >>
8월 26, 2023 5:47:12 오후 org.flywaydb.core.internal.command.DbMigrate doMigrateGroup
정보: Migrating schema "PUBLIC" to version "1 - Create tables"
8월 26, 2023 5:47:12 오후 org.flywaydb.core.internal.command.DbMigrate doMigrateGroup
정보: Migrating schema "PUBLIC" to version "2 - Server discovery"
8월 26, 2023 5:47:12 오후 org.flywaydb.core.internal.command.DbMigrate doMigrateGroup
정보: Migrating schema "PUBLIC" to version "3 - Jar symbols"
8월 26, 2023 5:47:12 오후 org.flywaydb.core.internal.command.DbMigrate doMigrateGroup
정보: Migrating schema "PUBLIC" to version "4 - Fingerprints"
8월 26, 2023 5:47:12 오후 org.flywaydb.core.internal.command.DbMigrate logSummary
정보: Successfully applied 4 migrations to schema "PUBLIC", now at version v4 (execution time 00:00.039s)
2023.08.26 17:47:12 INFO  time: initialize in 0.92s
2023.08.26 17:47:17 WARN  Build server is not auto-connectable.
2023.08.26 17:47:17 WARN  no build target for: /Users/sjpark/Projects/sdokuScala/build.sbt
2023.08.26 17:47:25 INFO  no build target found for /Users/sjpark/Projects/sdokuScala/build.sbt. Using presentation compiler with project's scala-library version: 3.3.0
8월 26, 2023 5:47:25 오후 org.eclipse.lsp4j.jsonrpc.RemoteEndpoint handleCancellation
경고: Unmatched cancel notification for request id 2
8월 26, 2023 5:47:25 오후 org.eclipse.lsp4j.jsonrpc.RemoteEndpoint handleCancellation
경고: Unmatched cancel notification for request id 6
8월 26, 2023 5:47:25 오후 org.eclipse.lsp4j.jsonrpc.RemoteEndpoint handleCancellation
경고: Unmatched cancel notification for request id 8
8월 26, 2023 5:47:25 오후 org.eclipse.lsp4j.jsonrpc.RemoteEndpoint handleCancellation
경고: Unmatched cancel notification for request id 4
8월 26, 2023 5:47:25 오후 org.eclipse.lsp4j.jsonrpc.RemoteEndpoint handleCancellation
경고: Unmatched cancel notification for request id 11
2023.08.26 17:47:26 WARN  no build target for: /Users/sjpark/Projects/sdokuScala/build.sbt
2023.08.26 17:47:26 INFO  running '/Users/sjpark/Library/Caches/Coursier/arc/https/github.com/AdoptOpenJDK/openjdk11-binaries/releases/download/jdk-11%252B28/OpenJDK11-jdk_x64_mac_hotspot_11_28.tar.gz/jdk-11+28/Contents/Home/bin/java -Djline.terminal=jline.UnsupportedTerminal -Dsbt.log.noformat=true -Dfile.encoding=UTF-8 -jar /var/folders/bf/8mb74bbn4r93vfj579yvjxzr0000gn/T/metals11285696275535823681/sbt-launch.jar -Dbloop.export-jar-classifiers=sources bloopInstall'
2023.08.26 17:47:26 WARN  no build target for: /Users/sjpark/Projects/sdokuScala/project/metals.sbt
2023.08.26 17:47:26 WARN  no build target for: /Users/sjpark/Projects/sdokuScala/project/project/metals.sbt
2023.08.26 17:47:27 INFO  time: code lens generation in 1.35s
2023.08.26 17:47:27 INFO  time: code lens generation in 1.17s
2023.08.26 17:47:27 INFO  time: code lens generation in 1.28s
2023.08.26 17:47:27 INFO  time: code lens generation in 1.54s
2023.08.26 17:47:28 INFO  skipping build import with status 'Started'
2023.08.26 17:47:29 INFO  [info] welcome to sbt 1.6.1 (Oracle Corporation Java 11)
2023.08.26 17:47:33 INFO  [info] loading settings for project sdokuscala-build-build-build from metals.sbt ...
2023.08.26 17:47:35 INFO  [info] loading project definition from /Users/sjpark/Projects/sdokuScala/project/project/project
2023.08.26 17:47:39 INFO  [info] loading settings for project sdokuscala-build-build from metals.sbt ...
2023.08.26 17:47:39 INFO  [info] loading project definition from /Users/sjpark/Projects/sdokuScala/project/project
2023.08.26 17:47:40 WARN  no build target for: /Users/sjpark/Projects/sdokuScala/project/buildSettings.sbt
2023.08.26 17:47:47 WARN  no build target for: /Users/sjpark/Projects/sdokuScala/project/metals.sbt
2023.08.26 17:47:48 INFO  [success] Generated .bloop/sdokuscala-build-build.json
2023.08.26 17:47:48 INFO  [success] Total time: 9 s, completed 2023. 8. 26. 오후 5:47:48
2023.08.26 17:47:49 WARN  no build target for: /Users/sjpark/Projects/sdokuScala/project/plugins.sbt
2023.08.26 17:47:52 INFO  [info] loading settings for project sdokuscala-build from buildSettings.sbt,metals.sbt,plugins.sbt ...
2023.08.26 17:47:52 INFO  [info] loading project definition from /Users/sjpark/Projects/sdokuScala/project
2023.08.26 17:47:54 WARN  no build target for: /Users/sjpark/Projects/sdokuScala/project/project/metals.sbt
2023.08.26 17:47:55 INFO  [success] Generated .bloop/sdokuscala-build.json
2023.08.26 17:47:55 INFO  [info] compiling 3 Scala sources to /Users/sjpark/Projects/sdokuScala/project/target/scala-2.12/sbt-1.0/classes ...
2023.08.26 17:48:08 INFO  [info] done compiling
2023.08.26 17:48:08 INFO  [success] Total time: 16 s, completed 2023. 8. 26. 오후 5:48:08
2023.08.26 17:48:11 INFO  [info] loading settings for project sdokuscala from build.sbt ...
2023.08.26 17:48:13 INFO  [info] set current project to sdokuscala (in build file:/Users/sjpark/Projects/sdokuScala/)
2023.08.26 17:48:17 INFO  [success] Generated .bloop/sdokuscala-test.json
2023.08.26 17:48:17 INFO  [success] Generated .bloop/sdokuscala.json
2023.08.26 17:48:17 INFO  [success] Total time: 4 s, completed 2023. 8. 26. 오후 5:48:17
2023.08.26 17:48:17 INFO  time: ran 'sbt bloopInstall' in 51s
2023.08.26 17:48:17 INFO  Attempting to connect to the build server...
2023.08.26 17:48:17 INFO  Bloop uses /Users/sjpark/Library/Caches/Coursier/arc/https/github.com/AdoptOpenJDK/openjdk11-binaries/releases/download/jdk-11%252B28/OpenJDK11-jdk_x64_mac_hotspot_11_28.tar.gz/jdk-11+28/Contents/Home defined at /Users/sjpark/.bloop/bloop.json
2023.08.26 17:48:22 INFO  tracing is disabled for protocol BSP, to enable tracing of incoming and outgoing JSON messages create an empty file at /Users/sjpark/Projects/sdokuScala/.metals/bsp.trace.json or /Users/sjpark/Library/Caches/org.scalameta.metals/bsp.trace.json
2023.08.26 17:48:22 INFO  Attempting to connect to the build server...
2023.08.26 17:48:22 INFO  Bloop uses /Users/sjpark/Library/Caches/Coursier/arc/https/github.com/AdoptOpenJDK/openjdk11-binaries/releases/download/jdk-11%252B28/OpenJDK11-jdk_x64_mac_hotspot_11_28.tar.gz/jdk-11+28/Contents/Home defined at /Users/sjpark/.bloop/bloop.json
2023.08.26 17:48:22 INFO  Attempting to connect to the build server...
2023.08.26 17:48:22 INFO  Bloop uses /Users/sjpark/Library/Caches/Coursier/arc/https/github.com/AdoptOpenJDK/openjdk11-binaries/releases/download/jdk-11%252B28/OpenJDK11-jdk_x64_mac_hotspot_11_28.tar.gz/jdk-11+28/Contents/Home defined at /Users/sjpark/.bloop/bloop.json
2023.08.26 17:48:22 INFO  tracing is disabled for protocol BSP, to enable tracing of incoming and outgoing JSON messages create an empty file at /Users/sjpark/Projects/sdokuScala/project/project/.metals/bsp.trace.json or /Users/sjpark/Library/Caches/org.scalameta.metals/bsp.trace.json
2023.08.26 17:48:22 INFO  tracing is disabled for protocol BSP, to enable tracing of incoming and outgoing JSON messages create an empty file at /Users/sjpark/Projects/sdokuScala/project/.metals/bsp.trace.json or /Users/sjpark/Library/Caches/org.scalameta.metals/bsp.trace.json
2023.08.26 17:48:28 WARN  no build target for: /Users/sjpark/Projects/sdokuScala/src/main/scala/example/Lists.scala
2023.08.26 17:48:30 INFO  time: Connected to build server in 12s
2023.08.26 17:48:30 INFO  Connected to Build server: Bloop v1.5.8
2023.08.26 17:48:30 INFO  time: Imported build in 0.31s
2023.08.26 17:48:36 INFO  no build target found for /Users/sjpark/Projects/sdokuScala/src/main/scala/example/Lists.scala. Using presentation compiler with project's scala-library version: 3.3.0
2023.08.26 17:48:37 INFO  time: code lens generation in 8.06s
2023.08.26 17:48:44 INFO  time: indexed workspace in 14s
2023.08.26 17:48:45 WARN  no build target for: /Users/sjpark/Projects/sdokuScala/project/project/metals.sbt
2023.08.26 17:48:46 INFO  compiling sdokuscala (1 scala source)
2023.08.26 17:48:46 INFO  compiling sdokuscala-build (3 scala sources)
2023.08.26 17:48:46 INFO  Non-compiled module 'compiler-bridge_2.12' for Scala 2.12.15. Compiling...
2023.08.26 17:48:49 INFO  compiling sdokuscala (1 scala source)
2023.08.26 17:48:49 ERROR not found: /Users/sjpark/Projects/sdokuScala/src/main/scala/example/Lists.scala
2023.08.26 17:48:51 INFO  time: compiled sdokuscala in 1.9s
8월 26, 2023 5:48:51 오후 org.eclipse.lsp4j.jsonrpc.RemoteEndpoint handleCancellation
경고: Unmatched cancel notification for request id 46
2023.08.26 17:49:12 INFO  Shutting down server
2023.08.26 17:49:12 INFO  shutting down Metals
2023.08.26 17:49:12 INFO  Shut down connection with build server.
2023.08.26 17:49:12 INFO  Shut down connection with build server.
8월 26, 2023 5:49:12 오후 org.eclipse.lsp4j.jsonrpc.RemoteEndpoint notify
정보: Failed to send notification message.
org.eclipse.lsp4j.jsonrpc.JsonRpcException: java.nio.channels.AsynchronousCloseException
	at org.eclipse.lsp4j.jsonrpc.json.StreamMessageConsumer.consume(StreamMessageConsumer.java:72)
	at org.eclipse.lsp4j.jsonrpc.RemoteEndpoint.notify(RemoteEndpoint.java:126)
	at org.eclipse.lsp4j.jsonrpc.RemoteEndpoint.sendCancelNotification(RemoteEndpoint.java:180)
	at org.eclipse.lsp4j.jsonrpc.RemoteEndpoint$1.cancel(RemoteEndpoint.java:150)
	at scala.meta.internal.metals.BuildServerConnection.$anonfun$register$2(BuildServerConnection.scala:348)
	at scala.runtime.java8.JFunction0$mcZ$sp.apply(JFunction0$mcZ$sp.scala:17)
	at scala.util.Try$.apply(Try.scala:210)
	at scala.meta.internal.metals.BuildServerConnection.$anonfun$register$1(BuildServerConnection.scala:348)
	at scala.meta.internal.metals.Cancelable$$anon$1.cancel(Cancelable.scala:18)
	at scala.meta.internal.metals.Cancelable$.$anonfun$cancelAll$1(Cancelable.scala:29)
	at scala.collection.immutable.List.foreach(List.scala:333)
	at scala.meta.internal.metals.Cancelable$.cancelAll(Cancelable.scala:28)
	at scala.meta.internal.metals.MutableCancelable.cancel(MutableCancelable.scala:25)
	at scala.meta.internal.metals.BuildServerConnection.cancel(BuildServerConnection.scala:285)
	at scala.meta.internal.metals.BuildServerConnection.$anonfun$shutdown$1(BuildServerConnection.scala:121)
	at scala.meta.internal.metals.BuildServerConnection.$anonfun$shutdown$1$adapted(BuildServerConnection.scala:114)
	at scala.concurrent.impl.Promise$Transformation.run(Promise.scala:467)
	at java.base/java.util.concurrent.ThreadPoolExecutor.runWorker(ThreadPoolExecutor.java:1128)
	at java.base/java.util.concurrent.ThreadPoolExecutor$Worker.run(ThreadPoolExecutor.java:628)
	at java.base/java.lang.Thread.run(Thread.java:834)
Caused by: java.nio.channels.AsynchronousCloseException
	at java.base/java.nio.channels.spi.AbstractInterruptibleChannel.end(AbstractInterruptibleChannel.java:202)
	at java.base/sun.nio.ch.SinkChannelImpl.endWrite(SinkChannelImpl.java:241)
	at java.base/sun.nio.ch.SinkChannelImpl.write(SinkChannelImpl.java:259)
	at java.base/java.nio.channels.Channels.writeFullyImpl(Channels.java:74)
	at java.base/java.nio.channels.Channels.writeFully(Channels.java:94)
	at java.base/java.nio.channels.Channels$1.write(Channels.java:172)
	at java.base/java.io.OutputStream.write(OutputStream.java:122)
	at java.base/java.nio.channels.Channels$1.write(Channels.java:152)
	at scala.meta.internal.metals.ClosableOutputStream.write(ClosableOutputStream.scala:26)
	at java.base/java.io.FilterOutputStream.write(FilterOutputStream.java:137)
	at java.base/java.io.FilterOutputStream.write(FilterOutputStream.java:108)
	at org.eclipse.lsp4j.jsonrpc.json.StreamMessageConsumer.consume(StreamMessageConsumer.java:67)
	... 19 more

2023.08.26 17:49:12 INFO  Cancelling compilation on Bloop server
8월 26, 2023 5:49:12 오후 org.eclipse.lsp4j.jsonrpc.RemoteEndpoint notify
정보: Failed to send notification message.
org.eclipse.lsp4j.jsonrpc.JsonRpcException: java.nio.channels.AsynchronousCloseException
	at org.eclipse.lsp4j.jsonrpc.json.StreamMessageConsumer.consume(StreamMessageConsumer.java:72)
	at org.eclipse.lsp4j.jsonrpc.RemoteEndpoint.notify(RemoteEndpoint.java:126)
	at org.eclipse.lsp4j.jsonrpc.RemoteEndpoint.sendCancelNotification(RemoteEndpoint.java:180)
	at org.eclipse.lsp4j.jsonrpc.RemoteEndpoint$1.cancel(RemoteEndpoint.java:150)
	at scala.meta.internal.metals.BuildServerConnection.$anonfun$register$2(BuildServerConnection.scala:348)
	at scala.runtime.java8.JFunction0$mcZ$sp.apply(JFunction0$mcZ$sp.scala:17)
	at scala.util.Try$.apply(Try.scala:210)
	at scala.meta.internal.metals.BuildServerConnection.$anonfun$register$1(BuildServerConnection.scala:348)
	at scala.meta.internal.metals.Cancelable$$anon$1.cancel(Cancelable.scala:18)
	at scala.meta.internal.metals.Cancelable$.$anonfun$cancelAll$1(Cancelable.scala:29)
	at scala.collection.immutable.List.foreach(List.scala:333)
	at scala.meta.internal.metals.Cancelable$.cancelAll(Cancelable.scala:28)
	at scala.meta.internal.metals.MutableCancelable.cancel(MutableCancelable.scala:25)
	at scala.meta.internal.metals.BuildServerConnection.cancel(BuildServerConnection.scala:285)
	at scala.meta.internal.bsp.BspSession.$anonfun$cancel$1(BspSession.scala:34)
	at scala.meta.internal.bsp.BspSession.$anonfun$cancel$1$adapted(BspSession.scala:34)
	at scala.collection.immutable.List.foreach(List.scala:333)
	at scala.meta.internal.bsp.BspSession.cancel(BspSession.scala:34)
	at scala.meta.internal.metals.Cancelable$.$anonfun$cancelAll$1(Cancelable.scala:29)
	at scala.collection.immutable.List.foreach(List.scala:333)
	at scala.meta.internal.metals.Cancelable$.cancelAll(Cancelable.scala:28)
	at scala.meta.internal.metals.MutableCancelable.cancel(MutableCancelable.scala:25)
	at scala.meta.internal.metals.MetalsLspService.cancel(MetalsLspService.scala:151)
	at scala.meta.internal.metals.MetalsLspService.onShutdown(MetalsLspService.scala:904)
	at scala.meta.internal.metals.WorkspaceLspService.$anonfun$shutdown$2(WorkspaceLspService.scala:1164)
	at scala.meta.internal.metals.WorkspaceLspService.$anonfun$shutdown$2$adapted(WorkspaceLspService.scala:1164)
	at scala.collection.immutable.List.foreach(List.scala:333)
	at scala.meta.internal.metals.WorkspaceLspService.shutdown(WorkspaceLspService.scala:1164)
	at scala.meta.metals.MetalsLanguageServer.shutdown(MetalsLanguageServer.scala:239)
	at java.base/jdk.internal.reflect.NativeMethodAccessorImpl.invoke0(Native Method)
	at java.base/jdk.internal.reflect.NativeMethodAccessorImpl.invoke(NativeMethodAccessorImpl.java:62)
	at java.base/jdk.internal.reflect.DelegatingMethodAccessorImpl.invoke(DelegatingMethodAccessorImpl.java:43)
	at java.base/java.lang.reflect.Method.invoke(Method.java:566)
	at org.eclipse.lsp4j.jsonrpc.services.GenericEndpoint.lambda$null$0(GenericEndpoint.java:65)
	at org.eclipse.lsp4j.jsonrpc.services.GenericEndpoint.request(GenericEndpoint.java:120)
	at org.eclipse.lsp4j.jsonrpc.RemoteEndpoint.handleRequest(RemoteEndpoint.java:261)
	at org.eclipse.lsp4j.jsonrpc.RemoteEndpoint.consume(RemoteEndpoint.java:190)
	at org.eclipse.lsp4j.jsonrpc.json.StreamMessageProducer.handleMessage(StreamMessageProducer.java:194)
	at org.eclipse.lsp4j.jsonrpc.json.StreamMessageProducer.listen(StreamMessageProducer.java:94)
	at org.eclipse.lsp4j.jsonrpc.json.ConcurrentMessageProcessor.run(ConcurrentMessageProcessor.java:113)
	at java.base/java.util.concurrent.Executors$RunnableAdapter.call(Executors.java:515)
	at java.base/java.util.concurrent.FutureTask.run(FutureTask.java:264)
	at java.base/java.util.concurrent.ThreadPoolExecutor.runWorker(ThreadPoolExecutor.java:1128)
	at java.base/java.util.concurrent.ThreadPoolExecutor$Worker.run(ThreadPoolExecutor.java:628)
	at java.base/java.lang.Thread.run(Thread.java:834)
Caused by: java.nio.channels.AsynchronousCloseException
	at java.base/java.nio.channels.spi.AbstractInterruptibleChannel.end(AbstractInterruptibleChannel.java:202)
	at java.base/sun.nio.ch.SinkChannelImpl.endWrite(SinkChannelImpl.java:241)
	at java.base/sun.nio.ch.SinkChannelImpl.write(SinkChannelImpl.java:259)
	at java.base/java.nio.channels.Channels.writeFullyImpl(Channels.java:74)
	at java.base/java.nio.channels.Channels.writeFully(Channels.java:94)
	at java.base/java.nio.channels.Channels$1.write(Channels.java:172)
	at java.base/java.io.OutputStream.write(OutputStream.java:122)
	at java.base/java.nio.channels.Channels$1.write(Channels.java:152)
	at scala.meta.internal.metals.ClosableOutputStream.write(ClosableOutputStream.scala:26)
	at java.base/java.io.FilterOutputStream.write(FilterOutputStream.java:137)
	at java.base/java.io.FilterOutputStream.write(FilterOutputStream.java:108)
	at org.eclipse.lsp4j.jsonrpc.json.StreamMessageConsumer.consume(StreamMessageConsumer.java:67)
	... 44 more

2023.08.26 17:49:12 INFO  Cancelling compilation on Bloop server
2023.08.26 17:49:12 INFO  Exiting server
2023.08.26 17:50:27 INFO  Started: Metals version 1.0.0 in folders '/Users/sjpark/Projects/sdokuScala' for client Visual Studio Code 1.76.2.
8월 26, 2023 5:50:27 오후 org.flywaydb.core.internal.license.VersionPrinter printVersionOnly
정보: Flyway Community Edition 9.20.1 by Redgate
8월 26, 2023 5:50:27 오후 org.flywaydb.core.internal.license.VersionPrinter printVersion
정보: See release notes here: https://rd.gt/416ObMi
8월 26, 2023 5:50:27 오후 org.flywaydb.core.internal.license.VersionPrinter printVersion
정보: 
8월 26, 2023 5:50:28 오후 org.flywaydb.core.internal.database.base.BaseDatabaseType createDatabase
정보: Database: jdbc:h2:file:/Users/sjpark/Projects/sdokuScala/.metals/metals (H2 2.1)
8월 26, 2023 5:50:28 오후 org.flywaydb.core.internal.command.DbValidate validate
정보: Successfully validated 4 migrations (execution time 00:00.034s)
8월 26, 2023 5:50:28 오후 org.flywaydb.core.internal.command.DbMigrate migrateGroup
정보: Current version of schema "PUBLIC": 4
8월 26, 2023 5:50:28 오후 org.flywaydb.core.internal.command.DbMigrate logSummary
정보: Schema "PUBLIC" is up to date. No migration necessary.
2023.08.26 17:50:28 INFO  time: initialize in 0.99s
2023.08.26 17:50:34 INFO  Attempting to connect to the build server...
2023.08.26 17:50:34 INFO  Bloop uses /Users/sjpark/Library/Caches/Coursier/arc/https/github.com/AdoptOpenJDK/openjdk11-binaries/releases/download/jdk-11%252B28/OpenJDK11-jdk_x64_mac_hotspot_11_28.tar.gz/jdk-11+28/Contents/Home defined at /Users/sjpark/.bloop/bloop.json
2023.08.26 17:50:34 INFO  skipping build import with status 'Installed'
2023.08.26 17:50:34 INFO  tracing is disabled for protocol BSP, to enable tracing of incoming and outgoing JSON messages create an empty file at /Users/sjpark/Projects/sdokuScala/.metals/bsp.trace.json or /Users/sjpark/Library/Caches/org.scalameta.metals/bsp.trace.json
2023.08.26 17:50:34 INFO  Attempting to connect to the build server...
2023.08.26 17:50:34 INFO  Bloop uses /Users/sjpark/Library/Caches/Coursier/arc/https/github.com/AdoptOpenJDK/openjdk11-binaries/releases/download/jdk-11%252B28/OpenJDK11-jdk_x64_mac_hotspot_11_28.tar.gz/jdk-11+28/Contents/Home defined at /Users/sjpark/.bloop/bloop.json
2023.08.26 17:50:34 INFO  Attempting to connect to the build server...
2023.08.26 17:50:34 INFO  Bloop uses /Users/sjpark/Library/Caches/Coursier/arc/https/github.com/AdoptOpenJDK/openjdk11-binaries/releases/download/jdk-11%252B28/OpenJDK11-jdk_x64_mac_hotspot_11_28.tar.gz/jdk-11+28/Contents/Home defined at /Users/sjpark/.bloop/bloop.json
2023.08.26 17:50:34 INFO  tracing is disabled for protocol BSP, to enable tracing of incoming and outgoing JSON messages create an empty file at /Users/sjpark/Projects/sdokuScala/project/project/.metals/bsp.trace.json or /Users/sjpark/Library/Caches/org.scalameta.metals/bsp.trace.json
2023.08.26 17:50:34 INFO  tracing is disabled for protocol BSP, to enable tracing of incoming and outgoing JSON messages create an empty file at /Users/sjpark/Projects/sdokuScala/project/.metals/bsp.trace.json or /Users/sjpark/Library/Caches/org.scalameta.metals/bsp.trace.json
2023.08.26 17:50:34 INFO  time: Connected to build server in 1.04s
2023.08.26 17:50:34 INFO  Connected to Build server: Bloop v1.5.8
2023.08.26 17:50:41 INFO  no build target found for /Users/sjpark/Projects/sdokuScala/src/main/scala/sdoku/Sdoku.scala. Using presentation compiler with project's scala-library version: 3.3.0
8월 26, 2023 5:50:42 오후 org.eclipse.lsp4j.jsonrpc.RemoteEndpoint handleCancellation
경고: Unmatched cancel notification for request id 3
2023.08.26 17:50:42 INFO  time: Imported build in 0.43s
8월 26, 2023 5:50:42 오후 org.eclipse.lsp4j.jsonrpc.RemoteEndpoint handleCancellation
경고: Unmatched cancel notification for request id 2
2023.08.26 17:50:47 INFO  no build target found for /Users/sjpark/Projects/sdokuScala/src/main/scala/sdoku/Sdoku.scala. Using presentation compiler with project's scala-library version: 3.3.0
8월 26, 2023 5:50:47 오후 org.eclipse.lsp4j.jsonrpc.RemoteEndpoint handleCancellation
경고: Unmatched cancel notification for request id 8
8월 26, 2023 5:50:47 오후 org.eclipse.lsp4j.jsonrpc.RemoteEndpoint handleCancellation
경고: Unmatched cancel notification for request id 1
2023.08.26 17:50:51 INFO  time: code lens generation in 9.37s
2023.08.26 17:50:52 INFO  time: code lens generation in 5.01s
2023.08.26 17:50:53 INFO  time: code lens generation in 11s
2023.08.26 17:51:00 INFO  time: indexed workspace in 18s
2023.08.26 17:51:00 INFO  compiling sdokuscala (1 scala source)
2023.08.26 17:51:02 INFO  compiling sdokuscala-test (1 scala source)
2023.08.26 17:51:06 INFO  time: compiled sdokuscala in 5.91s
2023.08.26 17:51:06 INFO  time: compiled sdokuscala-test in 4.49s
8월 26, 2023 8:13:52 오후 org.eclipse.lsp4j.jsonrpc.services.GenericEndpoint notify
정보: Unsupported notification method: $/setTrace
8월 26, 2023 8:13:54 오후 org.eclipse.lsp4j.jsonrpc.services.GenericEndpoint notify
정보: Unsupported notification method: $/setTrace
2023.08.26 20:15:26 INFO  compiling sdokuscala (1 scala source)
8월 26, 2023 8:15:26 오후 org.eclipse.lsp4j.jsonrpc.RemoteEndpoint handleCancellation
경고: Unmatched cancel notification for request id 32
2023.08.26 20:15:26 INFO  time: compiled sdokuscala in 0.44s
2023.08.26 20:16:22 INFO  compiling sdokuscala (1 scala source)
2023.08.26 20:16:22 INFO  time: compiled sdokuscala in 0.33s
2023.08.26 20:17:35 INFO  compiling sdokuscala (1 scala source)
2023.08.26 20:17:35 INFO  time: compiled sdokuscala in 0.31s
8월 26, 2023 8:17:56 오후 org.eclipse.lsp4j.jsonrpc.RemoteEndpoint handleCancellation
경고: Unmatched cancel notification for request id 107
8월 26, 2023 8:20:49 오후 org.eclipse.lsp4j.jsonrpc.RemoteEndpoint handleCancellation
경고: Unmatched cancel notification for request id 558
8월 26, 2023 8:22:50 오후 org.eclipse.lsp4j.jsonrpc.RemoteEndpoint handleCancellation
경고: Unmatched cancel notification for request id 740
8월 26, 2023 8:23:25 오후 org.eclipse.lsp4j.jsonrpc.RemoteEndpoint handleCancellation
경고: Unmatched cancel notification for request id 778
8월 26, 2023 8:23:42 오후 org.eclipse.lsp4j.jsonrpc.RemoteEndpoint handleCancellation
경고: Unmatched cancel notification for request id 871
2023.08.26 20:24:22 INFO  compiling sdokuscala (1 scala source)
2023.08.26 20:24:22 INFO  time: compiled sdokuscala in 0.48s
2023.08.26 20:24:22 INFO  compiling sdokuscala (1 scala source)
2023.08.26 20:24:22 INFO  time: compiled sdokuscala in 0.42s
2023.08.26 20:24:43 INFO  compiling sdokuscala (3 scala sources)
2023.08.26 20:24:43 INFO  time: compiled sdokuscala in 0.25s
2023.08.26 20:24:49 INFO  compiling sdokuscala (3 scala sources)
2023.08.26 20:24:50 INFO  time: compiled sdokuscala in 1.45s
8월 26, 2023 8:25:00 오후 org.eclipse.lsp4j.jsonrpc.RemoteEndpoint handleCancellation
경고: Unmatched cancel notification for request id 1070
2023.08.26 20:25:01 INFO  compiling sdokuscala (3 scala sources)
2023.08.26 20:25:03 INFO  time: compiled sdokuscala in 1.11s
2023.08.26 20:35:51 INFO  compiling sdokuscala (3 scala sources)
2023.08.26 20:35:51 INFO  time: compiled sdokuscala in 0.89s
2023.08.26 20:35:54 INFO  compiling sdokuscala (3 scala sources)
2023.08.26 20:35:54 INFO  time: compiled sdokuscala in 0.67s
8월 26, 2023 8:36:33 오후 org.eclipse.lsp4j.jsonrpc.RemoteEndpoint handleCancellation
경고: Unmatched cancel notification for request id 1293
2023.08.26 20:37:21 INFO  compiling sdokuscala (3 scala sources)
2023.08.26 20:37:21 INFO  time: compiled sdokuscala in 0.52s
2023.08.26 20:37:31 INFO  compiling sdokuscala (3 scala sources)
2023.08.26 20:37:31 INFO  time: compiled sdokuscala in 0.53s
2023.08.26 20:39:20 INFO  compiling sdokuscala (3 scala sources)
2023.08.26 20:39:20 INFO  time: compiled sdokuscala in 0.46s
2023.08.26 20:40:23 INFO  compiling sdokuscala (3 scala sources)
2023.08.26 20:40:23 INFO  time: compiled sdokuscala in 0.8s
2023.08.26 20:44:10 INFO  compiling sdokuscala (3 scala sources)
2023.08.26 20:44:10 INFO  time: compiled sdokuscala in 0.57s
2023.08.26 20:47:15 INFO  compiling sdokuscala (3 scala sources)
2023.08.26 20:47:15 INFO  time: compiled sdokuscala in 0.43s
2023.08.26 20:47:18 INFO  compiling sdokuscala (3 scala sources)
2023.08.26 20:47:18 INFO  time: compiled sdokuscala in 0.47s
2023.08.26 20:47:49 INFO  compiling sdokuscala (3 scala sources)
2023.08.26 20:47:49 INFO  time: compiled sdokuscala in 0.47s
2023.08.26 20:59:01 INFO  compiling sdokuscala (3 scala sources)
2023.08.26 20:59:01 INFO  time: compiled sdokuscala in 0.52s
2023.08.26 20:59:31 INFO  compiling sdokuscala (3 scala sources)
2023.08.26 20:59:31 INFO  time: compiled sdokuscala in 0.42s
2023.08.26 20:59:49 INFO  compiling sdokuscala (3 scala sources)
2023.08.26 20:59:49 INFO  time: compiled sdokuscala in 0.47s
2023.08.26 20:59:53 INFO  compiling sdokuscala (3 scala sources)
2023.08.26 20:59:53 INFO  time: compiled sdokuscala in 0.42s
8월 26, 2023 9:02:39 오후 org.eclipse.lsp4j.jsonrpc.RemoteEndpoint handleCancellation
경고: Unmatched cancel notification for request id 2246
8월 26, 2023 9:02:56 오후 org.eclipse.lsp4j.jsonrpc.RemoteEndpoint handleCancellation
경고: Unmatched cancel notification for request id 2300
8월 26, 2023 9:03:00 오후 scala.meta.internal.pc.CompilerAccess handleError
심각: A severe compiler error occurred, full details of the error can be found in the error report /Users/sjpark/Projects/sdokuScala/.metals/.reports/metals-full/r_compiler-error_1693051380748
8월 26, 2023 9:03:02 오후 org.eclipse.lsp4j.jsonrpc.RemoteEndpoint handleCancellation
경고: Unmatched cancel notification for request id 2340
2023.08.26 21:19:53 INFO  compiling sdokuscala (3 scala sources)
2023.08.26 21:19:53 INFO  time: compiled sdokuscala in 0.5s
2023.08.26 21:20:07 INFO  compiling sdokuscala (3 scala sources)
2023.08.26 21:20:07 INFO  time: compiled sdokuscala in 0.38s
2023.08.26 21:20:09 INFO  compiling sdokuscala (3 scala sources)
2023.08.26 21:20:09 INFO  time: compiled sdokuscala in 0.37s
2023.08.26 21:20:24 INFO  compiling sdokuscala (3 scala sources)
2023.08.26 21:20:24 INFO  time: compiled sdokuscala in 0.33s
2023.08.26 21:22:41 INFO  compiling sdokuscala (3 scala sources)
2023.08.26 21:22:41 INFO  time: compiled sdokuscala in 0.58s
2023.08.26 21:22:50 INFO  compiling sdokuscala (3 scala sources)
2023.08.26 21:22:50 INFO  time: compiled sdokuscala in 0.35s
2023.08.26 21:23:34 INFO  compiling sdokuscala (3 scala sources)
2023.08.26 21:23:34 INFO  time: compiled sdokuscala in 0.32s
2023.08.26 21:23:45 INFO  compiling sdokuscala (3 scala sources)
2023.08.26 21:23:45 INFO  time: compiled sdokuscala in 0.31s
2023.08.26 21:24:04 INFO  compiling sdokuscala (3 scala sources)
2023.08.26 21:24:04 INFO  time: compiled sdokuscala in 0.29s
2023.08.26 21:24:04 INFO  compiling sdokuscala (3 scala sources)
2023.08.26 21:24:04 INFO  time: compiled sdokuscala in 0.29s
2023.08.26 21:24:23 INFO  compiling sdokuscala (3 scala sources)
2023.08.26 21:24:23 INFO  time: compiled sdokuscala in 0.32s
2023.08.26 21:24:37 INFO  file:///Users/sjpark/Projects/sdokuScala/src/main/scala/sdoku/NaiveSolver.scala:4:31: stale bloop error: Found:    Unit
Required: sdoku.SdokuCell
> {
>     
>   }
2023.08.26 21:24:37 INFO  file:///Users/sjpark/Projects/sdokuScala/src/main/scala/sdoku/NaiveSolver.scala:7:7: stale bloop error: Declaration of method GetAvailableNumber not allowed here: only classes can have declared but undefined members
  def GetAvailableNumber(sdoku : SdokuCell, i : Int, j : Int) : List[Int]
      ^
2023.08.26 21:24:37 INFO  file:///Users/sjpark/Projects/sdokuScala/src/main/scala/sdoku/NaiveSolver.scala:4:31: stale bloop error: Found:    Unit
Required: sdoku.SdokuCell
> {
>     
>   }
2023.08.26 21:24:37 INFO  file:///Users/sjpark/Projects/sdokuScala/src/main/scala/sdoku/NaiveSolver.scala:7:7: stale bloop error: Declaration of method GetAvailableNumber not allowed here: only classes can have declared but undefined members
  def GetAvailableNumber(sdoku : SdokuCell, i : Int, j : Int) : List[Int]
      ^
2023.08.26 21:24:38 INFO  file:///Users/sjpark/Projects/sdokuScala/src/main/scala/sdoku/NaiveSolver.scala:4:31: stale bloop error: Found:    Unit
Required: sdoku.SdokuCell
> {
>     
>   }
2023.08.26 21:24:38 INFO  file:///Users/sjpark/Projects/sdokuScala/src/main/scala/sdoku/NaiveSolver.scala:7:7: stale bloop error: Declaration of method GetAvailableNumber not allowed here: only classes can have declared but undefined members
  def GetAvailableNumber(sdoku : SdokuCell, i : Int, j : Int) : List[Int]
      ^
2023.08.26 21:24:38 INFO  file:///Users/sjpark/Projects/sdokuScala/src/main/scala/sdoku/NaiveSolver.scala:4:31: stale bloop error: Found:    Unit
Required: sdoku.SdokuCell
> {
>     
>   }
2023.08.26 21:24:38 INFO  file:///Users/sjpark/Projects/sdokuScala/src/main/scala/sdoku/NaiveSolver.scala:7:7: stale bloop error: Declaration of method GetAvailableNumber not allowed here: only classes can have declared but undefined members
  def GetAvailableNumber(sdoku : SdokuCell, i : Int, j : Int) : List[Int]
      ^
2023.08.26 21:24:39 INFO  compiling sdokuscala (3 scala sources)
2023.08.26 21:24:39 INFO  time: compiled sdokuscala in 0.77s
2023.08.26 21:24:51 INFO  compiling sdokuscala-test (1 scala source)
2023.08.26 21:24:51 INFO  time: compiled sdokuscala-test in 0.12s
2023.08.26 21:25:47 INFO  compiling sdokuscala (1 scala source)
2023.08.26 21:25:47 INFO  time: compiled sdokuscala in 88ms
2023.08.26 21:25:47 WARN  Could not load snapshot text for /Users/sjpark/Projects/sdokuScala/src/main/scala/sdoku/Solver.scala
2023.08.26 21:26:01 WARN  Could not load snapshot text for /Users/sjpark/Projects/sdokuScala/src/main/scala/sdoku/Solver.scala
2023.08.26 21:26:02 WARN  Could not load snapshot text for /Users/sjpark/Projects/sdokuScala/src/main/scala/sdoku/Solver.scala
2023.08.26 21:26:04 WARN  Could not load snapshot text for /Users/sjpark/Projects/sdokuScala/src/main/scala/sdoku/Solver.scala
2023.08.26 21:26:05 INFO  compiling sdokuscala (1 scala source)
2023.08.26 21:26:05 INFO  time: compiled sdokuscala in 0.44s
2023.08.26 21:26:21 INFO  compiling sdokuscala-test (1 scala source)
2023.08.26 21:26:21 INFO  time: compiled sdokuscala-test in 87ms
2023.08.26 21:26:29 INFO  compiling sdokuscala-test (1 scala source)
2023.08.26 21:26:29 INFO  time: compiled sdokuscala-test in 16ms
2023.08.26 21:26:29 INFO  compiling sdokuscala-test (1 scala source)
2023.08.26 21:26:29 INFO  time: compiled sdokuscala-test in 77ms
2023.08.26 21:26:31 INFO  compiling sdokuscala-test (1 scala source)
2023.08.26 21:26:31 INFO  time: compiled sdokuscala-test in 68ms
2023.08.26 22:10:30 INFO  compiling sdokuscala-test (1 scala source)
2023.08.26 22:10:30 INFO  time: compiled sdokuscala-test in 0.11s
2023.08.26 22:10:54 INFO  compiling sdokuscala-test (1 scala source)
2023.08.26 22:10:54 INFO  time: compiled sdokuscala-test in 97ms
2023.08.26 22:11:09 INFO  compiling sdokuscala-test (1 scala source)
2023.08.26 22:11:09 INFO  time: compiled sdokuscala-test in 0.26s
2023.08.26 22:11:39 INFO  compiling sdokuscala-test (1 scala source)
2023.08.26 22:11:39 INFO  time: compiled sdokuscala-test in 87ms
2023.08.26 22:12:03 INFO  compiling sdokuscala (1 scala source)
2023.08.26 22:12:03 INFO  time: compiled sdokuscala in 0.39s
2023.08.26 22:12:30 INFO  compiling sdokuscala-test (1 scala source)
2023.08.26 22:12:30 INFO  time: compiled sdokuscala-test in 0.18s
2023.08.26 22:12:47 INFO  compiling sdokuscala (1 scala source)
2023.08.26 22:12:47 INFO  time: compiled sdokuscala in 0.64s
2023.08.26 22:12:48 INFO  compiling sdokuscala-test (1 scala source)
2023.08.26 22:12:48 INFO  time: compiled sdokuscala-test in 77ms
2023.08.26 22:13:00 INFO  compiling sdokuscala-test (1 scala source)
2023.08.26 22:13:00 INFO  time: compiled sdokuscala-test in 70ms
2023.08.26 22:13:20 INFO  compiling sdokuscala-test (1 scala source)
2023.08.26 22:13:20 INFO  time: compiled sdokuscala-test in 69ms
2023.08.26 22:13:32 INFO  compiling sdokuscala-test (1 scala source)
2023.08.26 22:13:32 INFO  time: compiled sdokuscala-test in 0.24s
2023.08.26 22:13:55 INFO  compiling sdokuscala-test (1 scala source)
2023.08.26 22:13:55 INFO  time: compiled sdokuscala-test in 80ms
8월 26, 2023 10:14:14 오후 org.eclipse.lsp4j.jsonrpc.RemoteEndpoint handleCancellation
경고: Unmatched cancel notification for request id 3501
2023.08.26 22:14:15 INFO  compiling sdokuscala (1 scala source)
2023.08.26 22:14:15 INFO  time: compiled sdokuscala in 0.33s
2023.08.26 23:10:23 INFO  compiling sdokuscala (1 scala source)
2023.08.26 23:10:23 INFO  time: compiled sdokuscala in 0.42s
2023.08.26 23:10:45 INFO  compiling sdokuscala (1 scala source)
2023.08.26 23:10:45 INFO  time: compiled sdokuscala in 0.38s
2023.08.26 23:11:06 INFO  compiling sdokuscala (1 scala source)
2023.08.26 23:11:06 INFO  time: compiled sdokuscala in 0.34s
2023.08.26 23:11:25 INFO  compiling sdokuscala (1 scala source)
2023.08.26 23:11:25 INFO  time: compiled sdokuscala in 0.36s
2023.08.26 23:11:44 INFO  compiling sdokuscala (1 scala source)
2023.08.26 23:11:44 INFO  time: compiled sdokuscala in 0.25s
2023.08.26 23:11:44 INFO  compiling sdokuscala (1 scala source)
2023.08.26 23:11:44 INFO  time: compiled sdokuscala in 80ms
2023.08.26 23:12:44 INFO  compiling sdokuscala (1 scala source)
2023.08.26 23:12:44 INFO  time: compiled sdokuscala in 0.27s
2023.08.26 23:12:44 INFO  compiling sdokuscala (1 scala source)
2023.08.26 23:12:44 INFO  time: compiled sdokuscala in 80ms
8월 26, 2023 11:13:31 오후 org.eclipse.lsp4j.jsonrpc.RemoteEndpoint handleCancellation
경고: Unmatched cancel notification for request id 3938
2023.08.26 23:13:46 INFO  compiling sdokuscala (1 scala source)
2023.08.26 23:13:46 INFO  time: compiled sdokuscala in 0.33s
2023.08.26 23:13:46 INFO  compiling sdokuscala (1 scala source)
2023.08.26 23:13:46 INFO  time: compiled sdokuscala in 0.27s
8월 26, 2023 11:13:53 오후 org.eclipse.lsp4j.jsonrpc.RemoteEndpoint handleCancellation
경고: Unmatched cancel notification for request id 4016
2023.08.26 23:13:55 INFO  compiling sdokuscala (1 scala source)
2023.08.26 23:13:55 INFO  time: compiled sdokuscala in 0.3s
2023.08.26 23:14:26 INFO  compiling sdokuscala (1 scala source)
2023.08.26 23:14:26 INFO  time: compiled sdokuscala in 0.26s
2023.08.26 23:14:26 INFO  compiling sdokuscala (1 scala source)
2023.08.26 23:14:26 INFO  time: compiled sdokuscala in 0.37s
2023.08.26 23:15:07 INFO  compiling sdokuscala (3 scala sources)
2023.08.26 23:15:08 INFO  time: compiled sdokuscala in 1.4s
2023.08.26 23:15:18 INFO  compiling sdokuscala (3 scala sources)
2023.08.26 23:15:18 INFO  time: compiled sdokuscala in 0.43s
2023.08.26 23:15:32 INFO  compiling sdokuscala (3 scala sources)
2023.08.26 23:15:32 INFO  time: compiled sdokuscala in 0.72s
2023.08.26 23:16:57 INFO  compiling sdokuscala (1 scala source)
2023.08.26 23:16:57 INFO  time: compiled sdokuscala in 0.44s
2023.08.26 23:17:55 INFO  compiling sdokuscala (1 scala source)
2023.08.26 23:17:55 INFO  time: compiled sdokuscala in 0.73s
8월 26, 2023 11:19:49 오후 org.eclipse.lsp4j.jsonrpc.RemoteEndpoint handleCancellation
경고: Unmatched cancel notification for request id 4501
8월 26, 2023 11:20:22 오후 org.eclipse.lsp4j.jsonrpc.RemoteEndpoint handleCancellation
경고: Unmatched cancel notification for request id 4606
8월 26, 2023 11:20:32 오후 org.eclipse.lsp4j.jsonrpc.RemoteEndpoint handleCancellation
경고: Unmatched cancel notification for request id 4663
8월 26, 2023 11:20:41 오후 org.eclipse.lsp4j.jsonrpc.RemoteEndpoint handleCancellation
경고: Unmatched cancel notification for request id 4719
8월 26, 2023 11:20:41 오후 org.eclipse.lsp4j.jsonrpc.RemoteEndpoint handleCancellation
경고: Unmatched cancel notification for request id 4722
2023.08.26 23:21:01 INFO  compiling sdokuscala (1 scala source)
2023.08.26 23:21:01 INFO  time: compiled sdokuscala in 0.38s
2023.08.26 23:21:31 INFO  compiling sdokuscala (1 scala source)
2023.08.26 23:21:31 INFO  time: compiled sdokuscala in 0.2s
2023.08.26 23:23:12 INFO  Shutting down server
2023.08.26 23:23:12 INFO  shutting down Metals
2023.08.26 23:23:12 INFO  Shut down connection with build server.
2023.08.26 23:23:12 INFO  Shut down connection with build server.
2023.08.26 23:23:12 INFO  Shut down connection with build server.
2023.08.26 23:23:12 INFO  Exiting server
2023.08.27 14:29:10 INFO  Started: Metals version 1.0.0 in folders '/Users/sjpark/Projects/sdokuScala' for client Visual Studio Code 1.76.2.
8월 27, 2023 2:29:10 오후 org.flywaydb.core.internal.license.VersionPrinter printVersionOnly
정보: Flyway Community Edition 9.20.1 by Redgate
8월 27, 2023 2:29:10 오후 org.flywaydb.core.internal.license.VersionPrinter printVersion
정보: See release notes here: https://rd.gt/416ObMi
8월 27, 2023 2:29:10 오후 org.flywaydb.core.internal.license.VersionPrinter printVersion
정보: 
8월 27, 2023 2:29:11 오후 org.flywaydb.core.internal.database.base.BaseDatabaseType createDatabase
정보: Database: jdbc:h2:file:/Users/sjpark/Projects/sdokuScala/.metals/metals (H2 2.1)
8월 27, 2023 2:29:12 오후 org.flywaydb.core.internal.command.DbValidate validate
정보: Successfully validated 4 migrations (execution time 00:00.073s)
8월 27, 2023 2:29:12 오후 org.flywaydb.core.internal.command.DbMigrate migrateGroup
정보: Current version of schema "PUBLIC": 4
8월 27, 2023 2:29:12 오후 org.flywaydb.core.internal.command.DbMigrate logSummary
정보: Schema "PUBLIC" is up to date. No migration necessary.
2023.08.27 14:29:13 WARN  sql closed: select path, text, md5 from fingerprints;
2023.08.27 14:29:48 INFO  Started: Metals version 1.0.0 in folders '/Users/sjpark/Projects/sdokuScala' for client Visual Studio Code 1.76.2.
8월 27, 2023 2:29:48 오후 org.flywaydb.core.internal.license.VersionPrinter printVersionOnly
정보: Flyway Community Edition 9.20.1 by Redgate
8월 27, 2023 2:29:49 오후 org.flywaydb.core.internal.license.VersionPrinter printVersion
정보: See release notes here: https://rd.gt/416ObMi
8월 27, 2023 2:29:49 오후 org.flywaydb.core.internal.license.VersionPrinter printVersion
정보: 
8월 27, 2023 2:29:51 오후 org.flywaydb.core.internal.database.base.BaseDatabaseType createDatabase
정보: Database: jdbc:h2:file:/Users/sjpark/Projects/sdokuScala/.metals/metals (H2 2.1)
8월 27, 2023 2:29:52 오후 org.flywaydb.core.internal.command.DbValidate validate
정보: Successfully validated 4 migrations (execution time 00:00.061s)
8월 27, 2023 2:29:52 오후 org.flywaydb.core.internal.command.DbMigrate migrateGroup
정보: Current version of schema "PUBLIC": 4
8월 27, 2023 2:29:52 오후 org.flywaydb.core.internal.command.DbMigrate logSummary
정보: Schema "PUBLIC" is up to date. No migration necessary.
2023.08.27 14:29:52 INFO  time: initialize in 4.22s
2023.08.27 14:30:04 INFO  Attempting to connect to the build server...
2023.08.27 14:30:04 INFO  Bloop uses /Users/sjpark/Library/Caches/Coursier/arc/https/github.com/AdoptOpenJDK/openjdk11-binaries/releases/download/jdk-11%252B28/OpenJDK11-jdk_x64_mac_hotspot_11_28.tar.gz/jdk-11+28/Contents/Home defined at /Users/sjpark/.bloop/bloop.json
2023.08.27 14:30:05 INFO  skipping build import with status 'Installed'
2023.08.27 14:30:19 INFO  tracing is disabled for protocol BSP, to enable tracing of incoming and outgoing JSON messages create an empty file at /Users/sjpark/Projects/sdokuScala/.metals/bsp.trace.json or /Users/sjpark/Library/Caches/org.scalameta.metals/bsp.trace.json
2023.08.27 14:30:19 INFO  Attempting to connect to the build server...
2023.08.27 14:30:19 INFO  Bloop uses /Users/sjpark/Library/Caches/Coursier/arc/https/github.com/AdoptOpenJDK/openjdk11-binaries/releases/download/jdk-11%252B28/OpenJDK11-jdk_x64_mac_hotspot_11_28.tar.gz/jdk-11+28/Contents/Home defined at /Users/sjpark/.bloop/bloop.json
2023.08.27 14:30:19 INFO  Attempting to connect to the build server...
2023.08.27 14:30:19 INFO  Bloop uses /Users/sjpark/Library/Caches/Coursier/arc/https/github.com/AdoptOpenJDK/openjdk11-binaries/releases/download/jdk-11%252B28/OpenJDK11-jdk_x64_mac_hotspot_11_28.tar.gz/jdk-11+28/Contents/Home defined at /Users/sjpark/.bloop/bloop.json
2023.08.27 14:30:20 INFO  tracing is disabled for protocol BSP, to enable tracing of incoming and outgoing JSON messages create an empty file at /Users/sjpark/Projects/sdokuScala/project/project/.metals/bsp.trace.json or /Users/sjpark/Library/Caches/org.scalameta.metals/bsp.trace.json
2023.08.27 14:30:20 INFO  tracing is disabled for protocol BSP, to enable tracing of incoming and outgoing JSON messages create an empty file at /Users/sjpark/Projects/sdokuScala/project/.metals/bsp.trace.json or /Users/sjpark/Library/Caches/org.scalameta.metals/bsp.trace.json
2023.08.27 14:30:20 INFO  time: Connected to build server in 15s
2023.08.27 14:30:20 INFO  Connected to Build server: Bloop v1.5.8
2023.08.27 14:30:20 INFO  no build target found for /Users/sjpark/Projects/sdokuScala/src/main/scala/sdoku/Solver.scala. Using presentation compiler with project's scala-library version: 3.3.0
2023.08.27 14:30:20 INFO  time: code lens generation in 16s
2023.08.27 14:30:21 INFO  time: Imported build in 0.57s
2023.08.27 14:30:32 INFO  time: indexed workspace in 10s
2023.08.27 14:31:05 INFO  compiling sdokuscala (1 scala source)
2023.08.27 14:31:13 INFO  time: compiled sdokuscala in 8.36s
2023.08.27 14:31:13 INFO  compiling sdokuscala (1 scala source)
2023.08.27 14:31:16 INFO  time: compiled sdokuscala in 2.48s
2023.08.27 14:35:02 INFO  compiling sdokuscala (1 scala source)
2023.08.27 14:35:04 INFO  time: compiled sdokuscala in 1.66s
2023.08.27 14:35:48 INFO  compiling sdokuscala (1 scala source)
2023.08.27 14:35:50 INFO  time: compiled sdokuscala in 1.66s
2023.08.27 14:35:55 INFO  file:///Users/sjpark/Projects/sdokuScala/src/main/scala/sdoku/Solver.scala:26:3: stale bloop error: Incompatible combinations of tabs and spaces in indentation prefixes.
Previous indent : 4 spaces
Latest indent   : 1 tab, 2 spaces
	  sdoku(0)(5) = 6
  ^
2023.08.27 14:35:55 INFO  file:///Users/sjpark/Projects/sdokuScala/src/main/scala/sdoku/Solver.scala:27:3: stale bloop error: Incompatible combinations of tabs and spaces in indentation prefixes.
Previous indent : 4 spaces
Latest indent   : 1 tab, 2 spaces
	  sdoku(0)(8) = 5
  ^
2023.08.27 14:35:55 INFO  file:///Users/sjpark/Projects/sdokuScala/src/main/scala/sdoku/Solver.scala:34:15: stale bloop error: end of statement expected but '=' found
    sdoku[32] = 4
              ^
2023.08.27 14:35:55 INFO  file:///Users/sjpark/Projects/sdokuScala/src/main/scala/sdoku/Solver.scala:35:15: stale bloop error: end of statement expected but '=' found
    sdoku[36] = 3
              ^
2023.08.27 14:35:55 INFO  file:///Users/sjpark/Projects/sdokuScala/src/main/scala/sdoku/Solver.scala:36:15: stale bloop error: end of statement expected but '=' found
    sdoku[39] = 7
              ^
2023.08.27 14:35:55 INFO  file:///Users/sjpark/Projects/sdokuScala/src/main/scala/sdoku/Solver.scala:37:15: stale bloop error: end of statement expected but '=' found
    sdoku[40] = 9
              ^
2023.08.27 14:35:55 INFO  file:///Users/sjpark/Projects/sdokuScala/src/main/scala/sdoku/Solver.scala:38:15: stale bloop error: end of statement expected but '=' found
    sdoku[44] = 2
              ^
2023.08.27 14:35:55 INFO  file:///Users/sjpark/Projects/sdokuScala/src/main/scala/sdoku/Solver.scala:39:15: stale bloop error: end of statement expected but '=' found
    sdoku[46] = 8
              ^
2023.08.27 14:35:55 INFO  file:///Users/sjpark/Projects/sdokuScala/src/main/scala/sdoku/Solver.scala:40:15: stale bloop error: end of statement expected but '=' found
    sdoku[51] = 1
              ^
2023.08.27 14:35:55 INFO  file:///Users/sjpark/Projects/sdokuScala/src/main/scala/sdoku/Solver.scala:41:15: stale bloop error: end of statement expected but '=' found
    sdoku[54] = 7
              ^
2023.08.27 14:35:55 INFO  file:///Users/sjpark/Projects/sdokuScala/src/main/scala/sdoku/Solver.scala:42:15: stale bloop error: end of statement expected but '=' found
    sdoku[57] = 5
              ^
2023.08.27 14:35:55 INFO  file:///Users/sjpark/Projects/sdokuScala/src/main/scala/sdoku/Solver.scala:43:15: stale bloop error: end of statement expected but '=' found
    sdoku[58] = 3
              ^
2023.08.27 14:35:55 INFO  file:///Users/sjpark/Projects/sdokuScala/src/main/scala/sdoku/Solver.scala:44:15: stale bloop error: end of statement expected but '=' found
    sdoku[62] = 9
              ^
2023.08.27 14:35:55 INFO  file:///Users/sjpark/Projects/sdokuScala/src/main/scala/sdoku/Solver.scala:45:15: stale bloop error: end of statement expected but '=' found
    sdoku[67] = 6
              ^
2023.08.27 14:35:55 INFO  file:///Users/sjpark/Projects/sdokuScala/src/main/scala/sdoku/Solver.scala:46:15: stale bloop error: end of statement expected but '=' found
    sdoku[74] = 9
              ^
2023.08.27 14:35:55 INFO  file:///Users/sjpark/Projects/sdokuScala/src/main/scala/sdoku/Solver.scala:47:15: stale bloop error: end of statement expected but '=' found
    sdoku[79] = 2
              ^
2023.08.27 14:35:55 INFO  file:///Users/sjpark/Projects/sdokuScala/src/main/scala/sdoku/Solver.scala:34:5: stale bloop error: method apply in class Array does not take type parameters
    sdoku[32] = 4
    ^^^^^^^^^
2023.08.27 14:35:55 INFO  file:///Users/sjpark/Projects/sdokuScala/src/main/scala/sdoku/Solver.scala:35:5: stale bloop error: method apply in class Array does not take type parameters
    sdoku[36] = 3
    ^^^^^^^^^
2023.08.27 14:35:55 INFO  file:///Users/sjpark/Projects/sdokuScala/src/main/scala/sdoku/Solver.scala:36:5: stale bloop error: method apply in class Array does not take type parameters
    sdoku[39] = 7
    ^^^^^^^^^
2023.08.27 14:35:55 INFO  file:///Users/sjpark/Projects/sdokuScala/src/main/scala/sdoku/Solver.scala:37:5: stale bloop error: method apply in class Array does not take type parameters
    sdoku[40] = 9
    ^^^^^^^^^
2023.08.27 14:35:55 INFO  file:///Users/sjpark/Projects/sdokuScala/src/main/scala/sdoku/Solver.scala:38:5: stale bloop error: method apply in class Array does not take type parameters
    sdoku[44] = 2
    ^^^^^^^^^
2023.08.27 14:35:55 INFO  file:///Users/sjpark/Projects/sdokuScala/src/main/scala/sdoku/Solver.scala:39:5: stale bloop error: method apply in class Array does not take type parameters
    sdoku[46] = 8
    ^^^^^^^^^
2023.08.27 14:35:55 INFO  file:///Users/sjpark/Projects/sdokuScala/src/main/scala/sdoku/Solver.scala:40:5: stale bloop error: method apply in class Array does not take type parameters
    sdoku[51] = 1
    ^^^^^^^^^
2023.08.27 14:35:55 INFO  file:///Users/sjpark/Projects/sdokuScala/src/main/scala/sdoku/Solver.scala:41:5: stale bloop error: method apply in class Array does not take type parameters
    sdoku[54] = 7
    ^^^^^^^^^
2023.08.27 14:35:55 INFO  file:///Users/sjpark/Projects/sdokuScala/src/main/scala/sdoku/Solver.scala:42:5: stale bloop error: method apply in class Array does not take type parameters
    sdoku[57] = 5
    ^^^^^^^^^
2023.08.27 14:35:55 INFO  file:///Users/sjpark/Projects/sdokuScala/src/main/scala/sdoku/Solver.scala:43:5: stale bloop error: method apply in class Array does not take type parameters
    sdoku[58] = 3
    ^^^^^^^^^
2023.08.27 14:35:55 INFO  file:///Users/sjpark/Projects/sdokuScala/src/main/scala/sdoku/Solver.scala:44:5: stale bloop error: method apply in class Array does not take type parameters
    sdoku[62] = 9
    ^^^^^^^^^
2023.08.27 14:35:55 INFO  file:///Users/sjpark/Projects/sdokuScala/src/main/scala/sdoku/Solver.scala:45:5: stale bloop error: method apply in class Array does not take type parameters
    sdoku[67] = 6
    ^^^^^^^^^
2023.08.27 14:35:55 INFO  file:///Users/sjpark/Projects/sdokuScala/src/main/scala/sdoku/Solver.scala:46:5: stale bloop error: method apply in class Array does not take type parameters
    sdoku[74] = 9
    ^^^^^^^^^
2023.08.27 14:35:55 INFO  file:///Users/sjpark/Projects/sdokuScala/src/main/scala/sdoku/Solver.scala:47:5: stale bloop error: method apply in class Array does not take type parameters
    sdoku[79] = 2
    ^^^^^^^^^
2023.08.27 14:35:55 INFO  file:///Users/sjpark/Projects/sdokuScala/src/main/scala/sdoku/Solver.scala:26:3: stale bloop error: Incompatible combinations of tabs and spaces in indentation prefixes.
Previous indent : 4 spaces
Latest indent   : 1 tab, 2 spaces
	  sdoku(0)(5) = 6
  ^
2023.08.27 14:35:55 INFO  file:///Users/sjpark/Projects/sdokuScala/src/main/scala/sdoku/Solver.scala:27:3: stale bloop error: Incompatible combinations of tabs and spaces in indentation prefixes.
Previous indent : 4 spaces
Latest indent   : 1 tab, 2 spaces
	  sdoku(0)(8) = 5
  ^
2023.08.27 14:35:55 INFO  file:///Users/sjpark/Projects/sdokuScala/src/main/scala/sdoku/Solver.scala:34:15: stale bloop error: end of statement expected but '=' found
    sdoku[32] = 4
              ^
2023.08.27 14:35:55 INFO  file:///Users/sjpark/Projects/sdokuScala/src/main/scala/sdoku/Solver.scala:35:15: stale bloop error: end of statement expected but '=' found
    sdoku[36] = 3
              ^
2023.08.27 14:35:55 INFO  file:///Users/sjpark/Projects/sdokuScala/src/main/scala/sdoku/Solver.scala:36:15: stale bloop error: end of statement expected but '=' found
    sdoku[39] = 7
              ^
2023.08.27 14:35:55 INFO  file:///Users/sjpark/Projects/sdokuScala/src/main/scala/sdoku/Solver.scala:37:15: stale bloop error: end of statement expected but '=' found
    sdoku[40] = 9
              ^
2023.08.27 14:35:55 INFO  file:///Users/sjpark/Projects/sdokuScala/src/main/scala/sdoku/Solver.scala:38:15: stale bloop error: end of statement expected but '=' found
    sdoku[44] = 2
              ^
2023.08.27 14:35:55 INFO  file:///Users/sjpark/Projects/sdokuScala/src/main/scala/sdoku/Solver.scala:39:15: stale bloop error: end of statement expected but '=' found
    sdoku[46] = 8
              ^
2023.08.27 14:35:55 INFO  file:///Users/sjpark/Projects/sdokuScala/src/main/scala/sdoku/Solver.scala:40:15: stale bloop error: end of statement expected but '=' found
    sdoku[51] = 1
              ^
2023.08.27 14:35:55 INFO  file:///Users/sjpark/Projects/sdokuScala/src/main/scala/sdoku/Solver.scala:41:15: stale bloop error: end of statement expected but '=' found
    sdoku[54] = 7
              ^
2023.08.27 14:35:55 INFO  file:///Users/sjpark/Projects/sdokuScala/src/main/scala/sdoku/Solver.scala:42:15: stale bloop error: end of statement expected but '=' found
    sdoku[57] = 5
              ^
2023.08.27 14:35:55 INFO  file:///Users/sjpark/Projects/sdokuScala/src/main/scala/sdoku/Solver.scala:43:15: stale bloop error: end of statement expected but '=' found
    sdoku[58] = 3
              ^
2023.08.27 14:35:55 INFO  file:///Users/sjpark/Projects/sdokuScala/src/main/scala/sdoku/Solver.scala:44:15: stale bloop error: end of statement expected but '=' found
    sdoku[62] = 9
              ^
2023.08.27 14:35:55 INFO  file:///Users/sjpark/Projects/sdokuScala/src/main/scala/sdoku/Solver.scala:45:15: stale bloop error: end of statement expected but '=' found
    sdoku[67] = 6
              ^
2023.08.27 14:35:55 INFO  file:///Users/sjpark/Projects/sdokuScala/src/main/scala/sdoku/Solver.scala:46:15: stale bloop error: end of statement expected but '=' found
    sdoku[74] = 9
              ^
2023.08.27 14:35:55 INFO  file:///Users/sjpark/Projects/sdokuScala/src/main/scala/sdoku/Solver.scala:47:15: stale bloop error: end of statement expected but '=' found
    sdoku[79] = 2
              ^
2023.08.27 14:35:55 INFO  file:///Users/sjpark/Projects/sdokuScala/src/main/scala/sdoku/Solver.scala:34:5: stale bloop error: method apply in class Array does not take type parameters
    sdoku[32] = 4
    ^^^^^^^^^
2023.08.27 14:35:55 INFO  file:///Users/sjpark/Projects/sdokuScala/src/main/scala/sdoku/Solver.scala:35:5: stale bloop error: method apply in class Array does not take type parameters
    sdoku[36] = 3
    ^^^^^^^^^
2023.08.27 14:35:55 INFO  file:///Users/sjpark/Projects/sdokuScala/src/main/scala/sdoku/Solver.scala:36:5: stale bloop error: method apply in class Array does not take type parameters
    sdoku[39] = 7
    ^^^^^^^^^
2023.08.27 14:35:55 INFO  file:///Users/sjpark/Projects/sdokuScala/src/main/scala/sdoku/Solver.scala:37:5: stale bloop error: method apply in class Array does not take type parameters
    sdoku[40] = 9
    ^^^^^^^^^
2023.08.27 14:35:55 INFO  file:///Users/sjpark/Projects/sdokuScala/src/main/scala/sdoku/Solver.scala:38:5: stale bloop error: method apply in class Array does not take type parameters
    sdoku[44] = 2
    ^^^^^^^^^
2023.08.27 14:35:55 INFO  file:///Users/sjpark/Projects/sdokuScala/src/main/scala/sdoku/Solver.scala:39:5: stale bloop error: method apply in class Array does not take type parameters
    sdoku[46] = 8
    ^^^^^^^^^
2023.08.27 14:35:55 INFO  file:///Users/sjpark/Projects/sdokuScala/src/main/scala/sdoku/Solver.scala:40:5: stale bloop error: method apply in class Array does not take type parameters
    sdoku[51] = 1
    ^^^^^^^^^
2023.08.27 14:35:55 INFO  file:///Users/sjpark/Projects/sdokuScala/src/main/scala/sdoku/Solver.scala:41:5: stale bloop error: method apply in class Array does not take type parameters
    sdoku[54] = 7
    ^^^^^^^^^
2023.08.27 14:35:55 INFO  file:///Users/sjpark/Projects/sdokuScala/src/main/scala/sdoku/Solver.scala:42:5: stale bloop error: method apply in class Array does not take type parameters
    sdoku[57] = 5
    ^^^^^^^^^
2023.08.27 14:35:55 INFO  file:///Users/sjpark/Projects/sdokuScala/src/main/scala/sdoku/Solver.scala:43:5: stale bloop error: method apply in class Array does not take type parameters
    sdoku[58] = 3
    ^^^^^^^^^
2023.08.27 14:35:55 INFO  file:///Users/sjpark/Projects/sdokuScala/src/main/scala/sdoku/Solver.scala:44:5: stale bloop error: method apply in class Array does not take type parameters
    sdoku[62] = 9
    ^^^^^^^^^
2023.08.27 14:35:55 INFO  file:///Users/sjpark/Projects/sdokuScala/src/main/scala/sdoku/Solver.scala:45:5: stale bloop error: method apply in class Array does not take type parameters
    sdoku[67] = 6
    ^^^^^^^^^
2023.08.27 14:35:55 INFO  file:///Users/sjpark/Projects/sdokuScala/src/main/scala/sdoku/Solver.scala:46:5: stale bloop error: method apply in class Array does not take type parameters
    sdoku[74] = 9
    ^^^^^^^^^
2023.08.27 14:35:55 INFO  file:///Users/sjpark/Projects/sdokuScala/src/main/scala/sdoku/Solver.scala:47:5: stale bloop error: method apply in class Array does not take type parameters
    sdoku[79] = 2
    ^^^^^^^^^
2023.08.27 14:35:59 INFO  compiling sdokuscala (1 scala source)
2023.08.27 14:36:00 INFO  time: compiled sdokuscala in 1.13s
8월 27, 2023 2:36:02 오후 org.eclipse.lsp4j.jsonrpc.RemoteEndpoint handleCancellation
경고: Unmatched cancel notification for request id 389
8월 27, 2023 2:37:08 오후 org.eclipse.lsp4j.jsonrpc.RemoteEndpoint handleCancellation
경고: Unmatched cancel notification for request id 618
2023.08.27 14:38:29 INFO  compiling sdokuscala (1 scala source)
2023.08.27 14:38:33 INFO  time: compiled sdokuscala in 3.22s
2023.08.27 14:38:41 INFO  compiling sdokuscala (1 scala source)
2023.08.27 14:38:41 INFO  time: compiled sdokuscala in 0.85s
2023.08.27 14:38:42 INFO  compiling sdokuscala (1 scala source)
2023.08.27 14:38:42 INFO  time: compiled sdokuscala in 0.57s
2023.08.27 14:38:45 INFO  compiling sdokuscala (1 scala source)
2023.08.27 14:38:45 INFO  time: compiled sdokuscala in 0.46s
2023.08.27 14:38:59 INFO  compiling sdokuscala (3 scala sources)
2023.08.27 14:38:59 INFO  time: compiled sdokuscala in 0.52s
2023.08.27 14:39:08 INFO  file:///Users/sjpark/Projects/sdokuScala/src/main/scala/sdoku/Solver.scala:27:3: stale bloop error: Incompatible combinations of tabs and spaces in indentation prefixes.
Previous indent : 4 spaces
Latest indent   : 1 tab, 2 spaces
	  sdoku(0)(8) = 5
  ^
2023.08.27 14:39:08 INFO  file:///Users/sjpark/Projects/sdokuScala/src/main/scala/sdoku/Solver.scala:27:3: stale bloop error: Incompatible combinations of tabs and spaces in indentation prefixes.
Previous indent : 4 spaces
Latest indent   : 1 tab, 2 spaces
	  sdoku(0)(8) = 5
  ^
2023.08.27 14:39:10 INFO  compiling sdokuscala (3 scala sources)
2023.08.27 14:39:17 INFO  time: compiled sdokuscala in 7.2s
8월 27, 2023 2:40:00 오후 org.eclipse.lsp4j.jsonrpc.services.GenericEndpoint notify
정보: Unsupported notification method: $/setTrace
8월 27, 2023 2:40:01 오후 org.eclipse.lsp4j.jsonrpc.services.GenericEndpoint notify
정보: Unsupported notification method: $/setTrace
2023.08.27 16:03:40 INFO  compiling sdokuscala (1 scala source)
2023.08.27 16:03:43 INFO  time: compiled sdokuscala in 2.57s
8월 27, 2023 4:05:16 오후 org.eclipse.lsp4j.jsonrpc.RemoteEndpoint handleCancellation
경고: Unmatched cancel notification for request id 1428
8월 27, 2023 4:06:49 오후 org.eclipse.lsp4j.jsonrpc.RemoteEndpoint handleCancellation
경고: Unmatched cancel notification for request id 1713
8월 27, 2023 4:10:16 오후 org.eclipse.lsp4j.jsonrpc.RemoteEndpoint handleCancellation
경고: Unmatched cancel notification for request id 1937
8월 27, 2023 4:10:17 오후 org.eclipse.lsp4j.jsonrpc.RemoteEndpoint handleCancellation
경고: Unmatched cancel notification for request id 1944
8월 27, 2023 4:11:19 오후 org.eclipse.lsp4j.jsonrpc.RemoteEndpoint handleCancellation
경고: Unmatched cancel notification for request id 2213
8월 27, 2023 4:11:19 오후 org.eclipse.lsp4j.jsonrpc.RemoteEndpoint handleCancellation
경고: Unmatched cancel notification for request id 2212
2023.08.27 16:16:48 INFO  compiling sdokuscala (1 scala source)
2023.08.27 16:16:50 INFO  time: compiled sdokuscala in 2s
2023.08.27 16:17:08 INFO  compiling sdokuscala (1 scala source)
2023.08.27 16:17:10 INFO  time: compiled sdokuscala in 1.35s
8월 27, 2023 4:17:11 오후 org.eclipse.lsp4j.jsonrpc.RemoteEndpoint handleCancellation
경고: Unmatched cancel notification for request id 2473
8월 27, 2023 4:18:39 오후 org.eclipse.lsp4j.jsonrpc.RemoteEndpoint handleCancellation
경고: Unmatched cancel notification for request id 2721
8월 27, 2023 4:18:39 오후 org.eclipse.lsp4j.jsonrpc.RemoteEndpoint handleCancellation
경고: Unmatched cancel notification for request id 2718
2023.08.27 16:20:20 INFO  compiling sdokuscala (1 scala source)
2023.08.27 16:20:20 INFO  time: compiled sdokuscala in 0.99s
8월 27, 2023 4:20:37 오후 org.eclipse.lsp4j.jsonrpc.RemoteEndpoint handleCancellation
경고: Unmatched cancel notification for request id 2916
Exception in thread "pool-4-thread-1" java.lang.InterruptedException
	at scala.meta.internal.metals.FutureCancelToken.checkCanceled(FutureCancelToken.scala:29)
	at scala.meta.internal.pc.CompilerAccess.onCompilerJobQueue$$anonfun$1(CompilerAccess.scala:229)
	at scala.meta.internal.pc.CompilerJobQueue$Job.run(CompilerJobQueue.scala:152)
	at java.base/java.util.concurrent.ThreadPoolExecutor.runWorker(ThreadPoolExecutor.java:1128)
	at java.base/java.util.concurrent.ThreadPoolExecutor$Worker.run(ThreadPoolExecutor.java:628)
	at java.base/java.lang.Thread.run(Thread.java:834)
2023.08.27 16:21:19 INFO  compiling sdokuscala (1 scala source)
2023.08.27 16:21:19 INFO  time: compiled sdokuscala in 0.67s
2023.08.27 16:21:33 INFO  compiling sdokuscala (1 scala source)
2023.08.27 16:21:33 INFO  time: compiled sdokuscala in 0.85s
2023.08.27 16:22:00 INFO  compiling sdokuscala (3 scala sources)
2023.08.27 16:22:00 INFO  time: compiled sdokuscala in 1s
2023.08.27 16:22:02 WARN  Could not load snapshot text for /Users/sjpark/Projects/sdokuScala/src/main/scala/sdoku/Sdoku.scala
2023.08.27 16:22:22 INFO  compiling sdokuscala (3 scala sources)
2023.08.27 16:22:22 INFO  time: compiled sdokuscala in 0.78s
2023.08.27 16:22:35 INFO  compiling sdokuscala (3 scala sources)
2023.08.27 16:22:36 INFO  time: compiled sdokuscala in 1.05s
2023.08.27 16:22:37 INFO  compiling sdokuscala (3 scala sources)
2023.08.27 16:22:38 INFO  time: compiled sdokuscala in 1.49s
2023.08.27 16:22:41 INFO  compiling sdokuscala (3 scala sources)
2023.08.27 16:22:42 INFO  time: compiled sdokuscala in 1.47s
2023.08.27 16:22:45 INFO  compiling sdokuscala (3 scala sources)
2023.08.27 16:22:47 INFO  time: compiled sdokuscala in 1.74s
2023.08.27 16:22:52 INFO  compiling sdokuscala (3 scala sources)
2023.08.27 16:22:53 INFO  time: compiled sdokuscala in 1.19s
2023.08.27 16:23:08 INFO  compiling sdokuscala (3 scala sources)
2023.08.27 16:23:12 INFO  time: compiled sdokuscala in 4.16s
2023.08.27 16:23:28 INFO  compiling sdokuscala-test (1 scala source)
2023.08.27 16:23:29 INFO  time: compiled sdokuscala-test in 1.15s
2023.08.27 16:23:35 INFO  compiling sdokuscala (1 scala source)
2023.08.27 16:23:35 INFO  time: compiled sdokuscala in 0.66s
2023.08.27 16:23:43 INFO  compiling sdokuscala (1 scala source)
2023.08.27 16:23:43 INFO  time: compiled sdokuscala in 0.88s
2023.08.27 16:26:46 INFO  compiling sdokuscala (1 scala source)
2023.08.27 16:26:49 INFO  time: compiled sdokuscala in 2.07s
2023.08.27 16:27:00 INFO  compiling sdokuscala (1 scala source)
2023.08.27 16:27:00 INFO  time: compiled sdokuscala in 0.98s
8월 27, 2023 4:27:29 오후 org.eclipse.lsp4j.jsonrpc.RemoteEndpoint handleCancellation
경고: Unmatched cancel notification for request id 3712
2023.08.27 16:27:30 INFO  compiling sdokuscala (1 scala source)
2023.08.27 16:27:30 INFO  time: compiled sdokuscala in 0.51s
2023.08.27 16:27:40 INFO  compiling sdokuscala (1 scala source)
2023.08.27 16:27:40 INFO  time: compiled sdokuscala in 0.43s
8월 27, 2023 4:28:58 오후 org.eclipse.lsp4j.jsonrpc.RemoteEndpoint handleCancellation
경고: Unmatched cancel notification for request id 3936
2023.08.27 16:30:06 INFO  compiling sdokuscala (1 scala source)
2023.08.27 16:30:07 INFO  time: compiled sdokuscala in 1.27s
8월 27, 2023 4:31:28 오후 org.eclipse.lsp4j.jsonrpc.RemoteEndpoint handleCancellation
경고: Unmatched cancel notification for request id 4334
2023.08.27 16:31:39 INFO  compiling sdokuscala (1 scala source)
2023.08.27 16:31:39 INFO  time: compiled sdokuscala in 0.72s
2023.08.27 16:31:52 INFO  compiling sdokuscala (1 scala source)
2023.08.27 16:31:52 INFO  time: compiled sdokuscala in 0.74s
2023.08.27 16:32:02 INFO  compiling sdokuscala (1 scala source)
2023.08.27 16:32:04 INFO  time: compiled sdokuscala in 1.17s
2023.08.27 16:32:04 INFO  compiling sdokuscala (1 scala source)
2023.08.27 16:32:05 INFO  time: compiled sdokuscala in 0.78s
2023.08.27 16:32:13 INFO  compiling sdokuscala (1 scala source)
2023.08.27 16:32:13 INFO  time: compiled sdokuscala in 0.52s
2023.08.27 16:32:21 INFO  compiling sdokuscala (1 scala source)
2023.08.27 16:32:22 INFO  time: compiled sdokuscala in 1.01s
2023.08.27 16:32:32 INFO  compiling sdokuscala (1 scala source)
2023.08.27 16:32:32 INFO  time: compiled sdokuscala in 0.49s
2023.08.27 16:32:42 INFO  compiling sdokuscala (1 scala source)
2023.08.27 16:32:42 INFO  time: compiled sdokuscala in 0.64s
2023.08.27 16:33:46 INFO  compiling sdokuscala (1 scala source)
2023.08.27 16:33:47 INFO  time: compiled sdokuscala in 1.03s
2023.08.27 16:34:00 INFO  compiling sdokuscala (1 scala source)
2023.08.27 16:34:00 INFO  time: compiled sdokuscala in 0.61s
2023.08.27 16:34:22 INFO  compiling sdokuscala (1 scala source)
2023.08.27 16:34:22 INFO  time: compiled sdokuscala in 0.55s
2023.08.27 16:34:32 INFO  compiling sdokuscala (1 scala source)
2023.08.27 16:34:32 INFO  time: compiled sdokuscala in 0.43s
2023.08.27 16:35:03 INFO  compiling sdokuscala (1 scala source)
2023.08.27 16:35:03 INFO  time: compiled sdokuscala in 0.34s
8월 27, 2023 4:35:32 오후 org.eclipse.lsp4j.jsonrpc.RemoteEndpoint handleCancellation
경고: Unmatched cancel notification for request id 4889
2023.08.27 16:35:36 INFO  compiling sdokuscala (1 scala source)
2023.08.27 16:35:37 INFO  time: compiled sdokuscala in 1.04s
2023.08.27 16:35:48 INFO  compiling sdokuscala (1 scala source)
2023.08.27 16:35:48 INFO  time: compiled sdokuscala in 0.43s
2023.08.27 16:36:05 INFO  compiling sdokuscala-test (1 scala source)
2023.08.27 16:36:05 INFO  time: compiled sdokuscala-test in 0.56s
2023.08.27 16:36:16 INFO  compiling sdokuscala (1 scala source)
2023.08.27 16:36:18 INFO  time: compiled sdokuscala in 2s
2023.08.27 16:36:54 INFO  compiling sdokuscala (1 scala source)
2023.08.27 16:36:55 INFO  time: compiled sdokuscala in 1.7s
2023.08.27 16:37:18 INFO  compiling sdokuscala (1 scala source)
2023.08.27 16:37:18 INFO  time: compiled sdokuscala in 0.61s
2023.08.27 16:37:20 INFO  compiling sdokuscala-test (1 scala source)
2023.08.27 16:37:20 INFO  time: compiled sdokuscala-test in 0.68s
2023.08.27 16:37:28 INFO  compiling sdokuscala (1 scala source)
2023.08.27 16:37:29 INFO  time: compiled sdokuscala in 1.13s
2023.08.27 16:38:12 INFO  compiling sdokuscala (1 scala source)
2023.08.27 16:38:12 INFO  time: compiled sdokuscala in 0.75s
2023.08.27 16:38:29 INFO  compiling sdokuscala (1 scala source)
2023.08.27 16:38:29 INFO  time: compiled sdokuscala in 0.62s
8월 27, 2023 4:38:52 오후 org.eclipse.lsp4j.jsonrpc.RemoteEndpoint handleCancellation
경고: Unmatched cancel notification for request id 5274
2023.08.27 16:39:19 INFO  compiling sdokuscala (1 scala source)
2023.08.27 16:39:19 INFO  time: compiled sdokuscala in 0.45s
8월 27, 2023 4:39:28 오후 org.eclipse.lsp4j.jsonrpc.RemoteEndpoint handleCancellation
경고: Unmatched cancel notification for request id 5450
2023.08.27 16:39:53 INFO  compiling sdokuscala (1 scala source)
2023.08.27 16:39:53 INFO  time: compiled sdokuscala in 0.45s
2023.08.27 16:40:20 INFO  compiling sdokuscala (1 scala source)
2023.08.27 16:40:21 INFO  time: compiled sdokuscala in 1.11s
2023.08.27 16:40:49 INFO  compiling sdokuscala (1 scala source)
2023.08.27 16:40:49 INFO  time: compiled sdokuscala in 0.64s
2023.08.27 16:40:57 INFO  compiling sdokuscala (1 scala source)
2023.08.27 16:40:57 INFO  time: compiled sdokuscala in 0.5s
8월 27, 2023 4:45:37 오후 org.eclipse.lsp4j.jsonrpc.RemoteEndpoint handleCancellation
경고: Unmatched cancel notification for request id 5964
2023.08.27 16:46:46 INFO  compiling sdokuscala (1 scala source)
2023.08.27 16:46:47 INFO  time: compiled sdokuscala in 1s
2023.08.27 16:47:59 INFO  compiling sdokuscala (1 scala source)
2023.08.27 16:48:01 INFO  time: compiled sdokuscala in 2.48s
2023.08.27 16:48:23 INFO  compiling sdokuscala (1 scala source)
2023.08.27 16:48:23 INFO  time: compiled sdokuscala in 0.88s
2023.08.27 16:48:44 INFO  file:///Users/sjpark/Projects/sdokuScala/src/main/scala/sdoku/Solver.scala:52:4: stale bloop error: Found:    Unit
Required: List[(Int, Int, Int, Int, List[Int])]
  }
   ^
2023.08.27 16:48:44 INFO  file:///Users/sjpark/Projects/sdokuScala/src/main/scala/sdoku/Solver.scala:52:4: stale bloop error: Found:    Unit
Required: List[(Int, Int, Int, Int, List[Int])]
  }
   ^
2023.08.27 16:48:46 INFO  file:///Users/sjpark/Projects/sdokuScala/src/main/scala/sdoku/Solver.scala:52:4: stale bloop error: Found:    Unit
Required: List[(Int, Int, Int, Int, List[Int])]
  }
   ^
2023.08.27 16:48:46 INFO  file:///Users/sjpark/Projects/sdokuScala/src/main/scala/sdoku/Solver.scala:52:4: stale bloop error: Found:    Unit
Required: List[(Int, Int, Int, Int, List[Int])]
  }
   ^
2023.08.27 16:48:48 INFO  compiling sdokuscala (1 scala source)
2023.08.27 16:48:48 INFO  time: compiled sdokuscala in 0.49s
2023.08.27 16:48:52 INFO  compiling sdokuscala (1 scala source)
2023.08.27 16:48:53 INFO  time: compiled sdokuscala in 1.42s
2023.08.27 16:48:53 INFO  compiling sdokuscala (1 scala source)
2023.08.27 16:48:53 INFO  time: compiled sdokuscala in 0.76s
2023.08.27 16:48:54 INFO  compiling sdokuscala-test (1 scala source)
2023.08.27 16:48:54 INFO  time: compiled sdokuscala-test in 0.6s
2023.08.27 16:49:13 INFO  compiling sdokuscala (1 scala source)
2023.08.27 16:49:13 INFO  time: compiled sdokuscala in 0.45s
8월 27, 2023 4:50:44 오후 org.eclipse.lsp4j.jsonrpc.RemoteEndpoint handleCancellation
경고: Unmatched cancel notification for request id 7051
8월 27, 2023 4:50:44 오후 org.eclipse.lsp4j.jsonrpc.RemoteEndpoint handleCancellation
경고: Unmatched cancel notification for request id 7052
2023.08.27 16:51:09 INFO  compiling sdokuscala (1 scala source)
2023.08.27 16:51:10 INFO  time: compiled sdokuscala in 1.53s
2023.08.27 16:51:23 INFO  compiling sdokuscala (1 scala source)
2023.08.27 16:51:25 INFO  time: compiled sdokuscala in 1.69s
2023.08.27 16:51:25 INFO  compiling sdokuscala (3 scala sources)
2023.08.27 16:51:25 INFO  time: compiled sdokuscala in 0.95s
2023.08.27 16:52:51 INFO  compiling sdokuscala (1 scala source)
2023.08.27 16:52:51 INFO  time: compiled sdokuscala in 0.69s
2023.08.27 16:53:01 INFO  compiling sdokuscala-test (1 scala source)
2023.08.27 16:53:01 INFO  time: compiled sdokuscala-test in 0.9s
2023.08.27 16:53:22 INFO  compiling sdokuscala (1 scala source)
2023.08.27 16:53:22 INFO  time: compiled sdokuscala in 0.45s
2023.08.27 16:54:33 INFO  compiling sdokuscala (1 scala source)
2023.08.27 16:54:33 INFO  time: compiled sdokuscala in 0.53s
2023.08.27 16:54:33 INFO  compiling sdokuscala (1 scala source)
2023.08.27 16:54:33 INFO  time: compiled sdokuscala in 0.3s
2023.08.27 16:54:49 INFO  compiling sdokuscala (1 scala source)
2023.08.27 16:54:49 INFO  time: compiled sdokuscala in 0.49s
2023.08.27 16:54:49 INFO  compiling sdokuscala (1 scala source)
2023.08.27 16:54:49 INFO  time: compiled sdokuscala in 0.28s
8월 27, 2023 4:55:42 오후 org.eclipse.lsp4j.jsonrpc.RemoteEndpoint handleCancellation
경고: Unmatched cancel notification for request id 7443
8월 27, 2023 4:55:54 오후 org.eclipse.lsp4j.jsonrpc.RemoteEndpoint handleCancellation
경고: Unmatched cancel notification for request id 7531
2023.08.27 16:55:56 INFO  compiling sdokuscala (3 scala sources)
2023.08.27 16:55:56 INFO  time: compiled sdokuscala in 0.54s
8월 27, 2023 4:56:25 오후 org.eclipse.lsp4j.jsonrpc.RemoteEndpoint handleCancellation
경고: Unmatched cancel notification for request id 7645
8월 27, 2023 4:56:25 오후 org.eclipse.lsp4j.jsonrpc.RemoteEndpoint handleCancellation
경고: Unmatched cancel notification for request id 7646
2023.08.27 16:57:19 INFO  compiling sdokuscala (3 scala sources)
2023.08.27 16:57:19 INFO  time: compiled sdokuscala in 0.52s
2023.08.27 16:57:22 INFO  compiling sdokuscala (3 scala sources)
2023.08.27 16:57:22 INFO  time: compiled sdokuscala in 0.96s
2023.08.27 16:57:30 INFO  compiling sdokuscala (1 scala source)
2023.08.27 16:57:30 INFO  time: compiled sdokuscala in 0.42s
2023.08.27 16:57:51 INFO  compiling sdokuscala (1 scala source)
2023.08.27 16:57:51 INFO  time: compiled sdokuscala in 0.34s
2023.08.27 16:58:09 INFO  compiling sdokuscala (1 scala source)
2023.08.27 16:58:09 INFO  time: compiled sdokuscala in 0.54s
2023.08.27 16:58:12 INFO  compiling sdokuscala (1 scala source)
2023.08.27 16:58:12 INFO  time: compiled sdokuscala in 0.39s
2023.08.27 16:59:32 INFO  compiling sdokuscala (1 scala source)
2023.08.27 16:59:32 INFO  time: compiled sdokuscala in 0.36s
8월 27, 2023 4:59:46 오후 org.eclipse.lsp4j.jsonrpc.RemoteEndpoint handleCancellation
경고: Unmatched cancel notification for request id 8043
2023.08.27 17:00:01 INFO  compiling sdokuscala (1 scala source)
2023.08.27 17:00:01 INFO  time: compiled sdokuscala in 0.27s
2023.08.27 17:00:11 INFO  compiling sdokuscala (1 scala source)
2023.08.27 17:00:11 INFO  time: compiled sdokuscala in 0.73s
2023.08.27 17:00:45 INFO  compiling sdokuscala (1 scala source)
2023.08.27 17:00:45 INFO  time: compiled sdokuscala in 0.61s
2023.08.27 17:01:05 INFO  compiling sdokuscala (1 scala source)
2023.08.27 17:01:05 INFO  time: compiled sdokuscala in 0.81s
2023.08.27 17:01:35 INFO  compiling sdokuscala (1 scala source)
2023.08.27 17:01:35 INFO  time: compiled sdokuscala in 0.46s
2023.08.27 17:03:00 INFO  compiling sdokuscala (1 scala source)
2023.08.27 17:03:00 INFO  time: compiled sdokuscala in 0.69s
2023.08.27 17:05:31 INFO  compiling sdokuscala (1 scala source)
2023.08.27 17:05:31 INFO  time: compiled sdokuscala in 0.43s
2023.08.27 17:05:48 INFO  compiling sdokuscala (1 scala source)
2023.08.27 17:05:48 INFO  time: compiled sdokuscala in 0.35s
2023.08.27 17:11:42 INFO  file:///Users/sjpark/Projects/sdokuScala/src/main/scala/sdoku/NaiveSolver.scala:13:47: stale bloop error: Found:    Unit
Required: (Int, sdoku.SdokuCell)
> {
>         
>       }
2023.08.27 17:11:42 INFO  file:///Users/sjpark/Projects/sdokuScala/src/main/scala/sdoku/NaiveSolver.scala:13:47: stale bloop error: Found:    Unit
Required: (Int, sdoku.SdokuCell)
> {
>         
>       }
2023.08.27 17:11:47 INFO  compiling sdokuscala (1 scala source)
2023.08.27 17:11:47 INFO  time: compiled sdokuscala in 0.51s
2023.08.27 17:14:09 INFO  compiling sdokuscala (1 scala source)
2023.08.27 17:14:09 INFO  time: compiled sdokuscala in 0.45s
2023.08.27 17:14:28 INFO  compiling sdokuscala (1 scala source)
2023.08.27 17:14:28 INFO  time: compiled sdokuscala in 0.42s
2023.08.27 17:14:52 INFO  compiling sdokuscala (1 scala source)
2023.08.27 17:14:52 INFO  time: compiled sdokuscala in 0.43s
8월 27, 2023 5:16:42 오후 org.eclipse.lsp4j.jsonrpc.RemoteEndpoint handleCancellation
경고: Unmatched cancel notification for request id 9951
2023.08.27 17:17:45 INFO  compiling sdokuscala (1 scala source)
2023.08.27 17:17:45 INFO  time: compiled sdokuscala in 0.44s
2023.08.27 17:18:17 INFO  compiling sdokuscala (1 scala source)
2023.08.27 17:18:20 INFO  time: compiled sdokuscala in 2.71s
2023.08.27 17:18:24 INFO  compiling sdokuscala (1 scala source)
2023.08.27 17:18:24 INFO  time: compiled sdokuscala in 0.86s
2023.08.27 17:19:09 INFO  compiling sdokuscala (1 scala source)
2023.08.27 17:19:09 INFO  time: compiled sdokuscala in 0.38s
2023.08.27 17:19:18 INFO  compiling sdokuscala (1 scala source)
2023.08.27 17:19:18 INFO  time: compiled sdokuscala in 0.84s
2023.08.27 17:20:36 INFO  compiling sdokuscala (1 scala source)
2023.08.27 17:20:36 INFO  time: compiled sdokuscala in 0.38s
2023.08.27 17:20:40 INFO  compiling sdokuscala (1 scala source)
2023.08.27 17:20:42 INFO  time: compiled sdokuscala in 1.38s
8월 27, 2023 5:20:47 오후 org.eclipse.lsp4j.jsonrpc.RemoteEndpoint handleCancellation
경고: Unmatched cancel notification for request id 10446
2023.08.27 17:20:47 INFO  compiling sdokuscala (1 scala source)
2023.08.27 17:20:47 INFO  time: compiled sdokuscala in 0.63s
2023.08.27 17:21:05 INFO  compiling sdokuscala (1 scala source)
2023.08.27 17:21:05 INFO  time: compiled sdokuscala in 0.52s
8월 27, 2023 5:21:24 오후 org.eclipse.lsp4j.jsonrpc.RemoteEndpoint handleCancellation
경고: Unmatched cancel notification for request id 10503
2023.08.27 17:21:31 INFO  compiling sdokuscala (1 scala source)
2023.08.27 17:21:31 INFO  time: compiled sdokuscala in 0.28s
2023.08.27 17:21:43 INFO  compiling sdokuscala (3 scala sources)
2023.08.27 17:21:45 INFO  time: compiled sdokuscala in 1.35s
2023.08.27 17:21:50 INFO  compiling sdokuscala (3 scala sources)
2023.08.27 17:21:50 INFO  time: compiled sdokuscala in 0.53s
8월 27, 2023 5:22:19 오후 org.eclipse.lsp4j.jsonrpc.RemoteEndpoint handleCancellation
경고: Unmatched cancel notification for request id 10647
2023.08.27 17:22:21 INFO  compiling sdokuscala (3 scala sources)
2023.08.27 17:22:22 INFO  time: compiled sdokuscala in 1.38s
8월 27, 2023 5:23:40 오후 org.eclipse.lsp4j.jsonrpc.RemoteEndpoint handleCancellation
경고: Unmatched cancel notification for request id 10709
2023.08.27 17:23:55 INFO  compiling sdokuscala (1 scala source)
2023.08.27 17:23:55 INFO  time: compiled sdokuscala in 0.95s
2023.08.27 17:25:11 INFO  compiling sdokuscala (1 scala source)
2023.08.27 17:25:11 INFO  time: compiled sdokuscala in 0.53s
2023.08.27 17:25:26 INFO  compiling sdokuscala (1 scala source)
2023.08.27 17:25:26 INFO  time: compiled sdokuscala in 0.37s
2023.08.27 17:25:55 INFO  compiling sdokuscala (1 scala source)
2023.08.27 17:25:55 INFO  time: compiled sdokuscala in 0.65s
2023.08.27 17:26:39 INFO  compiling sdokuscala (1 scala source)
2023.08.27 17:26:39 INFO  time: compiled sdokuscala in 0.35s
2023.08.27 21:20:48 INFO  Shutting down server
2023.08.27 21:20:48 INFO  shutting down Metals
2023.08.27 21:20:48 INFO  Shut down connection with build server.
2023.08.27 21:20:48 INFO  Shut down connection with build server.
2023.08.27 21:20:48 INFO  Shut down connection with build server.
2023.08.27 21:20:48 INFO  Exiting server
2023.08.27 22:37:35 INFO  Started: Metals version 1.0.0 in folders '/Users/sjpark/Projects/sdokuScala' for client Visual Studio Code 1.76.2.
8월 27, 2023 10:37:35 오후 org.flywaydb.core.internal.license.VersionPrinter printVersionOnly
정보: Flyway Community Edition 9.20.1 by Redgate
8월 27, 2023 10:37:35 오후 org.flywaydb.core.internal.license.VersionPrinter printVersion
정보: See release notes here: https://rd.gt/416ObMi
8월 27, 2023 10:37:35 오후 org.flywaydb.core.internal.license.VersionPrinter printVersion
정보: 
8월 27, 2023 10:37:36 오후 org.flywaydb.core.internal.database.base.BaseDatabaseType createDatabase
정보: Database: jdbc:h2:file:/Users/sjpark/Projects/sdokuScala/.metals/metals (H2 2.1)
8월 27, 2023 10:37:36 오후 org.flywaydb.core.internal.command.DbValidate validate
정보: Successfully validated 4 migrations (execution time 00:00.036s)
8월 27, 2023 10:37:36 오후 org.flywaydb.core.internal.command.DbMigrate migrateGroup
정보: Current version of schema "PUBLIC": 4
8월 27, 2023 10:37:36 오후 org.flywaydb.core.internal.command.DbMigrate logSummary
정보: Schema "PUBLIC" is up to date. No migration necessary.
2023.08.27 22:37:36 INFO  time: initialize in 1.13s
2023.08.27 22:37:41 INFO  Attempting to connect to the build server...
2023.08.27 22:37:41 INFO  Bloop uses /Users/sjpark/Library/Caches/Coursier/arc/https/github.com/AdoptOpenJDK/openjdk11-binaries/releases/download/jdk-11%252B28/OpenJDK11-jdk_x64_mac_hotspot_11_28.tar.gz/jdk-11+28/Contents/Home defined at /Users/sjpark/.bloop/bloop.json
2023.08.27 22:37:42 INFO  skipping build import with status 'Installed'
2023.08.27 22:37:49 INFO  tracing is disabled for protocol BSP, to enable tracing of incoming and outgoing JSON messages create an empty file at /Users/sjpark/Projects/sdokuScala/.metals/bsp.trace.json or /Users/sjpark/Library/Caches/org.scalameta.metals/bsp.trace.json
2023.08.27 22:37:49 INFO  no build target found for /Users/sjpark/Projects/sdokuScala/src/main/scala/sdoku/NaiveSolver.scala. Using presentation compiler with project's scala-library version: 3.3.0
2023.08.27 22:37:49 INFO  Attempting to connect to the build server...
2023.08.27 22:37:49 INFO  Bloop uses /Users/sjpark/Library/Caches/Coursier/arc/https/github.com/AdoptOpenJDK/openjdk11-binaries/releases/download/jdk-11%252B28/OpenJDK11-jdk_x64_mac_hotspot_11_28.tar.gz/jdk-11+28/Contents/Home defined at /Users/sjpark/.bloop/bloop.json
2023.08.27 22:37:49 INFO  Attempting to connect to the build server...
2023.08.27 22:37:49 INFO  Bloop uses /Users/sjpark/Library/Caches/Coursier/arc/https/github.com/AdoptOpenJDK/openjdk11-binaries/releases/download/jdk-11%252B28/OpenJDK11-jdk_x64_mac_hotspot_11_28.tar.gz/jdk-11+28/Contents/Home defined at /Users/sjpark/.bloop/bloop.json
2023.08.27 22:37:50 INFO  tracing is disabled for protocol BSP, to enable tracing of incoming and outgoing JSON messages create an empty file at /Users/sjpark/Projects/sdokuScala/project/.metals/bsp.trace.json or /Users/sjpark/Library/Caches/org.scalameta.metals/bsp.trace.json
2023.08.27 22:37:50 INFO  tracing is disabled for protocol BSP, to enable tracing of incoming and outgoing JSON messages create an empty file at /Users/sjpark/Projects/sdokuScala/project/project/.metals/bsp.trace.json or /Users/sjpark/Library/Caches/org.scalameta.metals/bsp.trace.json
2023.08.27 22:37:50 INFO  time: Connected to build server in 8.94s
2023.08.27 22:37:50 INFO  Connected to Build server: Bloop v1.5.8
2023.08.27 22:37:50 INFO  time: Imported build in 0.45s
8월 27, 2023 10:37:50 오후 org.eclipse.lsp4j.jsonrpc.RemoteEndpoint handleCancellation
경고: Unmatched cancel notification for request id 4
8월 27, 2023 10:37:51 오후 org.eclipse.lsp4j.jsonrpc.RemoteEndpoint handleCancellation
경고: Unmatched cancel notification for request id 13
2023.08.27 22:37:54 INFO  time: code lens generation in 12s
2023.08.27 22:37:54 INFO  time: code lens generation in 2.93s
2023.08.27 22:37:56 INFO  no build target found for /Users/sjpark/Projects/sdokuScala/src/main/scala/sdoku/NaiveSolver.scala. Using presentation compiler with project's scala-library version: 3.3.0
2023.08.27 22:38:02 INFO  time: indexed workspace in 11s
2023.08.27 22:38:02 INFO  no build target found for /Users/sjpark/Projects/sdokuScala/src/main/scala/sdoku/NaiveSolver.scala. Using presentation compiler with project's scala-library version: 3.1.0
8월 27, 2023 10:38:02 오후 org.eclipse.lsp4j.jsonrpc.RemoteEndpoint handleCancellation
경고: Unmatched cancel notification for request id 19
2023.08.27 22:38:02 INFO  compiling sdokuscala-test (1 scala source)
8월 27, 2023 10:38:03 오후 org.eclipse.lsp4j.jsonrpc.RemoteEndpoint handleCancellation
경고: Unmatched cancel notification for request id 14
8월 27, 2023 10:38:03 오후 org.eclipse.lsp4j.jsonrpc.RemoteEndpoint handleCancellation
경고: Unmatched cancel notification for request id 18
8월 27, 2023 10:38:03 오후 org.eclipse.lsp4j.jsonrpc.RemoteEndpoint handleCancellation
경고: Unmatched cancel notification for request id 26
8월 27, 2023 10:38:03 오후 org.eclipse.lsp4j.jsonrpc.RemoteEndpoint handleCancellation
경고: Unmatched cancel notification for request id 27
8월 27, 2023 10:38:03 오후 org.eclipse.lsp4j.jsonrpc.RemoteEndpoint handleCancellation
경고: Unmatched cancel notification for request id 31
8월 27, 2023 10:38:03 오후 org.eclipse.lsp4j.jsonrpc.RemoteEndpoint handleCancellation
경고: Unmatched cancel notification for request id 32
8월 27, 2023 10:38:03 오후 org.eclipse.lsp4j.jsonrpc.RemoteEndpoint handleCancellation
경고: Unmatched cancel notification for request id 30
8월 27, 2023 10:38:03 오후 org.eclipse.lsp4j.jsonrpc.RemoteEndpoint handleCancellation
경고: Unmatched cancel notification for request id 37
8월 27, 2023 10:38:03 오후 org.eclipse.lsp4j.jsonrpc.RemoteEndpoint handleCancellation
경고: Unmatched cancel notification for request id 24
8월 27, 2023 10:38:03 오후 org.eclipse.lsp4j.jsonrpc.RemoteEndpoint handleCancellation
경고: Unmatched cancel notification for request id 44
8월 27, 2023 10:38:03 오후 org.eclipse.lsp4j.jsonrpc.RemoteEndpoint handleCancellation
경고: Unmatched cancel notification for request id 36
8월 27, 2023 10:38:03 오후 org.eclipse.lsp4j.jsonrpc.RemoteEndpoint handleCancellation
경고: Unmatched cancel notification for request id 47
8월 27, 2023 10:38:04 오후 org.eclipse.lsp4j.jsonrpc.RemoteEndpoint handleCancellation
경고: Unmatched cancel notification for request id 50
8월 27, 2023 10:38:04 오후 org.eclipse.lsp4j.jsonrpc.RemoteEndpoint handleCancellation
경고: Unmatched cancel notification for request id 51
8월 27, 2023 10:38:04 오후 org.eclipse.lsp4j.jsonrpc.RemoteEndpoint handleCancellation
경고: Unmatched cancel notification for request id 52
8월 27, 2023 10:38:04 오후 org.eclipse.lsp4j.jsonrpc.RemoteEndpoint handleCancellation
경고: Unmatched cancel notification for request id 54
8월 27, 2023 10:38:04 오후 org.eclipse.lsp4j.jsonrpc.RemoteEndpoint handleCancellation
경고: Unmatched cancel notification for request id 56
8월 27, 2023 10:38:04 오후 org.eclipse.lsp4j.jsonrpc.RemoteEndpoint handleCancellation
경고: Unmatched cancel notification for request id 57
8월 27, 2023 10:38:04 오후 org.eclipse.lsp4j.jsonrpc.RemoteEndpoint handleCancellation
경고: Unmatched cancel notification for request id 58
8월 27, 2023 10:38:04 오후 org.eclipse.lsp4j.jsonrpc.RemoteEndpoint handleCancellation
경고: Unmatched cancel notification for request id 59
2023.08.27 22:38:08 INFO  time: code lens generation in 18s
2023.08.27 22:38:10 INFO  time: compiled sdokuscala-test in 7.39s
8월 27, 2023 10:40:58 오후 org.eclipse.lsp4j.jsonrpc.RemoteEndpoint handleCancellation
경고: Unmatched cancel notification for request id 691
8월 27, 2023 10:47:39 오후 org.eclipse.lsp4j.jsonrpc.RemoteEndpoint handleCancellation
경고: Unmatched cancel notification for request id 1125
2023.08.27 22:47:48 INFO  compiling sdokuscala (1 scala source)
2023.08.27 22:47:52 INFO  time: compiled sdokuscala in 4.23s
8월 27, 2023 10:49:57 오후 org.eclipse.lsp4j.jsonrpc.RemoteEndpoint handleCancellation
경고: Unmatched cancel notification for request id 1252
2023.08.27 22:50:23 INFO  compiling sdokuscala (1 scala source)
2023.08.27 22:50:24 INFO  time: compiled sdokuscala in 1.6s
2023.08.27 22:53:40 INFO  compiling sdokuscala (1 scala source)
2023.08.27 22:53:41 INFO  time: compiled sdokuscala in 1.11s
2023.08.27 22:55:13 INFO  compiling sdokuscala (1 scala source)
2023.08.27 22:55:14 INFO  time: compiled sdokuscala in 1.63s
2023.08.27 22:56:29 INFO  compiling sdokuscala (1 scala source)
2023.08.27 22:56:30 INFO  time: compiled sdokuscala in 1.08s
2023.08.27 22:56:38 INFO  compiling sdokuscala (1 scala source)
2023.08.27 22:56:38 INFO  time: compiled sdokuscala in 0.78s
2023.08.27 22:58:08 INFO  compiling sdokuscala (1 scala source)
2023.08.27 22:58:09 INFO  time: compiled sdokuscala in 1.76s
2023.08.27 22:58:35 INFO  compiling sdokuscala (1 scala source)
2023.08.27 22:58:35 INFO  time: compiled sdokuscala in 0.51s
2023.08.27 22:58:42 INFO  compiling sdokuscala (1 scala source)
2023.08.27 22:58:42 INFO  time: compiled sdokuscala in 0.59s
2023.08.27 22:58:54 INFO  compiling sdokuscala (1 scala source)
2023.08.27 22:58:54 INFO  time: compiled sdokuscala in 0.51s
2023.08.27 23:06:21 INFO  compiling sdokuscala (1 scala source)
2023.08.27 23:06:21 INFO  time: compiled sdokuscala in 0.74s
2023.08.27 23:07:46 INFO  compiling sdokuscala (1 scala source)
2023.08.27 23:07:46 INFO  time: compiled sdokuscala in 0.43s
2023.08.27 23:10:44 INFO  compiling sdokuscala (1 scala source)
2023.08.27 23:10:44 INFO  time: compiled sdokuscala in 0.34s
2023.08.27 23:10:47 INFO  compiling sdokuscala (1 scala source)
2023.08.27 23:10:47 INFO  time: compiled sdokuscala in 0.3s
2023.08.27 23:10:53 INFO  compiling sdokuscala (1 scala source)
2023.08.27 23:10:53 INFO  time: compiled sdokuscala in 0.31s
2023.08.27 23:11:19 INFO  compiling sdokuscala (1 scala source)
2023.08.27 23:11:19 INFO  time: compiled sdokuscala in 0.3s
8월 27, 2023 11:13:11 오후 org.eclipse.lsp4j.jsonrpc.RemoteEndpoint handleCancellation
경고: Unmatched cancel notification for request id 2327
2023.08.27 23:13:16 INFO  compiling sdokuscala (1 scala source)
2023.08.27 23:13:16 INFO  time: compiled sdokuscala in 0.44s
2023.08.27 23:17:47 INFO  compiling sdokuscala (1 scala source)
2023.08.27 23:17:47 INFO  time: compiled sdokuscala in 0.39s
2023.08.27 23:18:41 INFO  compiling sdokuscala (1 scala source)
2023.08.27 23:18:41 INFO  time: compiled sdokuscala in 0.34s
2023.08.27 23:18:48 INFO  compiling sdokuscala (1 scala source)
2023.08.27 23:18:48 INFO  time: compiled sdokuscala in 0.34s
2023.08.27 23:19:29 INFO  compiling sdokuscala (1 scala source)
2023.08.27 23:19:29 INFO  time: compiled sdokuscala in 0.37s
2023.08.27 23:20:53 INFO  compiling sdokuscala (1 scala source)
2023.08.27 23:20:53 INFO  time: compiled sdokuscala in 0.4s
2023.08.27 23:21:29 INFO  compiling sdokuscala (1 scala source)
2023.08.27 23:21:29 INFO  time: compiled sdokuscala in 0.57s
2023.08.27 23:21:57 INFO  compiling sdokuscala (1 scala source)
2023.08.27 23:21:57 INFO  time: compiled sdokuscala in 0.46s
2023.08.27 23:22:13 INFO  compiling sdokuscala (1 scala source)
2023.08.27 23:22:13 INFO  time: compiled sdokuscala in 0.41s
2023.08.27 23:23:33 INFO  compiling sdokuscala (1 scala source)
2023.08.27 23:23:33 INFO  time: compiled sdokuscala in 0.47s
2023.08.27 23:23:55 INFO  compiling sdokuscala (1 scala source)
2023.08.27 23:23:55 INFO  time: compiled sdokuscala in 0.45s
2023.08.27 23:24:53 INFO  compiling sdokuscala (1 scala source)
2023.08.27 23:24:53 INFO  time: compiled sdokuscala in 0.34s
2023.08.27 23:25:08 INFO  Shutting down server
2023.08.27 23:25:08 INFO  shutting down Metals
2023.08.27 23:25:09 INFO  Shut down connection with build server.
2023.08.27 23:25:09 INFO  Shut down connection with build server.
2023.08.27 23:25:09 INFO  Shut down connection with build server.
2023.08.27 23:25:08 INFO  Exiting server
2023.08.28 19:10:56 INFO  Started: Metals version 1.0.0 in folders '/Users/sjpark/Projects/sdokuScala' for client Visual Studio Code 1.76.2.
8월 28, 2023 7:10:56 오후 org.flywaydb.core.internal.license.VersionPrinter printVersionOnly
정보: Flyway Community Edition 9.20.1 by Redgate
8월 28, 2023 7:10:56 오후 org.flywaydb.core.internal.license.VersionPrinter printVersion
정보: See release notes here: https://rd.gt/416ObMi
8월 28, 2023 7:10:56 오후 org.flywaydb.core.internal.license.VersionPrinter printVersion
정보: 
8월 28, 2023 7:10:57 오후 org.flywaydb.core.internal.database.base.BaseDatabaseType createDatabase
정보: Database: jdbc:h2:file:/Users/sjpark/Projects/sdokuScala/.metals/metals (H2 2.1)
8월 28, 2023 7:10:57 오후 org.flywaydb.core.internal.command.DbValidate validate
정보: Successfully validated 4 migrations (execution time 00:00.035s)
8월 28, 2023 7:10:57 오후 org.flywaydb.core.internal.command.DbMigrate migrateGroup
정보: Current version of schema "PUBLIC": 4
8월 28, 2023 7:10:57 오후 org.flywaydb.core.internal.command.DbMigrate logSummary
정보: Schema "PUBLIC" is up to date. No migration necessary.
2023.08.28 19:10:57 INFO  time: initialize in 1.1s
2023.08.28 19:11:03 INFO  Attempting to connect to the build server...
2023.08.28 19:11:03 INFO  Bloop uses /Users/sjpark/Library/Caches/Coursier/arc/https/github.com/AdoptOpenJDK/openjdk11-binaries/releases/download/jdk-11%252B28/OpenJDK11-jdk_x64_mac_hotspot_11_28.tar.gz/jdk-11+28/Contents/Home defined at /Users/sjpark/.bloop/bloop.json
2023.08.28 19:11:04 INFO  skipping build import with status 'Installed'
2023.08.28 19:11:10 INFO  no build target found for /Users/sjpark/Projects/sdokuScala/src/main/scala/sdoku/NaiveSolver.scala. Using presentation compiler with project's scala-library version: 3.3.0
2023.08.28 19:11:12 INFO  tracing is disabled for protocol BSP, to enable tracing of incoming and outgoing JSON messages create an empty file at /Users/sjpark/Projects/sdokuScala/.metals/bsp.trace.json or /Users/sjpark/Library/Caches/org.scalameta.metals/bsp.trace.json
2023.08.28 19:11:12 INFO  Attempting to connect to the build server...
2023.08.28 19:11:12 INFO  Bloop uses /Users/sjpark/Library/Caches/Coursier/arc/https/github.com/AdoptOpenJDK/openjdk11-binaries/releases/download/jdk-11%252B28/OpenJDK11-jdk_x64_mac_hotspot_11_28.tar.gz/jdk-11+28/Contents/Home defined at /Users/sjpark/.bloop/bloop.json
2023.08.28 19:11:12 INFO  Attempting to connect to the build server...
2023.08.28 19:11:12 INFO  Bloop uses /Users/sjpark/Library/Caches/Coursier/arc/https/github.com/AdoptOpenJDK/openjdk11-binaries/releases/download/jdk-11%252B28/OpenJDK11-jdk_x64_mac_hotspot_11_28.tar.gz/jdk-11+28/Contents/Home defined at /Users/sjpark/.bloop/bloop.json
2023.08.28 19:11:12 INFO  tracing is disabled for protocol BSP, to enable tracing of incoming and outgoing JSON messages create an empty file at /Users/sjpark/Projects/sdokuScala/project/project/.metals/bsp.trace.json or /Users/sjpark/Library/Caches/org.scalameta.metals/bsp.trace.json
2023.08.28 19:11:12 INFO  tracing is disabled for protocol BSP, to enable tracing of incoming and outgoing JSON messages create an empty file at /Users/sjpark/Projects/sdokuScala/project/.metals/bsp.trace.json or /Users/sjpark/Library/Caches/org.scalameta.metals/bsp.trace.json
2023.08.28 19:11:12 INFO  time: Connected to build server in 9.34s
2023.08.28 19:11:12 INFO  Connected to Build server: Bloop v1.5.8
2023.08.28 19:13:43 INFO  time: Imported build in 0.76s
2023.08.28 19:13:44 INFO  time: code lens generation in 10s
2023.08.28 19:13:51 INFO  time: indexed workspace in 7.99s
2023.08.28 19:13:58 INFO  compiling sdokuscala-test (1 scala source)
2023.08.28 19:14:00 INFO  time: compiled sdokuscala-test in 2.24s
2023.08.28 19:14:08 INFO  compiling sdokuscala (1 scala source)
2023.08.28 19:14:08 INFO  time: compiled sdokuscala in 0.53s
2023.08.28 19:14:31 INFO  compiling sdokuscala (1 scala source)
2023.08.28 19:14:34 INFO  time: compiled sdokuscala in 3.06s
2023.08.28 19:15:05 INFO  compiling sdokuscala (1 scala source)
2023.08.28 19:15:06 INFO  time: compiled sdokuscala in 1.27s
